#
# There is insufficient memory for the Java Runtime Environment to continue.
# Native memory allocation (mmap) failed to map 67108864 bytes for G1 virtual space
# Possible reasons:
#   The system is out of physical RAM or swap space
#   The process is running with CompressedOops enabled, and the Java Heap may be blocking the growth of the native heap
# Possible solutions:
#   Reduce memory load on the system
#   Increase physical memory or swap space
#   Check if swap backing store is full
#   Decrease Java heap size (-Xmx/-Xms)
#   Decrease number of Java threads
#   Decrease Java thread stack sizes (-Xss)
#   Set larger code cache with -XX:ReservedCodeCacheSize=
#   JVM is running with Unscaled Compressed Oops mode in which the Java heap is
#     placed in the first 4GB address space. The Java Heap base address is the
#     maximum limit for the native heap growth. Please use -XX:HeapBaseMinAddress
#     to set the Java Heap base and to place the Java Heap above 4GB virtual address.
# This output file may be truncated or incomplete.
#
#  Out of Memory Error (os_windows.cpp:3469), pid=13136, tid=19348
#
# JRE version:  (17.0.1+12) (build )
# Java VM: Java HotSpot(TM) 64-Bit Server VM (17.0.1+12-LTS-39, mixed mode, sharing, tiered, compressed oops, compressed class ptrs, g1 gc, windows-amd64)
# No core dump will be written. Minidumps are not enabled by default on client versions of Windows
#

---------------  S U M M A R Y ------------

Command Line: -javaagent:C:\\Users\\ASUS\\.m2\\repository\\org\\jacoco\\org.jacoco.agent\\0.8.5\\org.jacoco.agent-0.8.5-runtime.jar=destfile=C:\\Users\\ASUS\\Desktop\\parksystem\\target\\jacoco-output\\jacoco-unit-tests.exec C:\Users\ASUS\AppData\Local\Temp\surefire794789746274621837\surefirebooter14350570198105259873.jar C:\Users\ASUS\AppData\Local\Temp\surefire794789746274621837 2021-12-28T11-11-20_886-jvmRun1 surefire4747302238803333313tmp surefire_015362179736651387234tmp

Host: Intel(R) Core(TM) i7-2630QM CPU @ 2.00GHz, 8 cores, 3G,  Windows 10 , 64 bit Build 19041 (10.0.19041.1348)
Time: Tue Dec 28 11:11:22 2021 Paris, Madrid elapsed time: 0.041439 seconds (0d 0h 0m 0s)

---------------  T H R E A D  ---------------

Current thread (0x000001ebe5a03240):  JavaThread "Unknown thread" [_thread_in_vm, id=19348, stack(0x0000003353100000,0x0000003353200000)]

Stack: [0x0000003353100000,0x0000003353200000]
Native frames: (J=compiled Java code, j=interpreted, Vv=VM code, C=native code)
V  [jvm.dll+0x66fa1a]
V  [jvm.dll+0x7ce5a4]
V  [jvm.dll+0x7cfd4e]
V  [jvm.dll+0x7d03b3]
V  [jvm.dll+0x242b05]
V  [jvm.dll+0x66ca39]
V  [jvm.dll+0x661502]
V  [jvm.dll+0x30081b]
V  [jvm.dll+0x307da6]
V  [jvm.dll+0x357a1e]
V  [jvm.dll+0x357c4f]
V  [jvm.dll+0x2d7ad8]
V  [jvm.dll+0x2d8a44]
V  [jvm.dll+0x7a01e1]
V  [jvm.dll+0x365791]
V  [jvm.dll+0x77f6cc]
V  [jvm.dll+0x3e812f]
V  [jvm.dll+0x3e9bd1]
C  [jli.dll+0x527b]
C  [ucrtbase.dll+0x21bb2]
C  [KERNEL32.DLL+0x17034]
C  [ntdll.dll+0x52651]


---------------  P R O C E S S  ---------------

Threads class SMR info:
_java_thread_list=0x00007fff239c7818, length=0, elements={
}

Java Threads: ( => current thread )

Other Threads:
  0x000001ebe5a31c80 GCTaskThread "GC Thread#0" [stack: 0x0000003353200000,0x0000003353300000] [id=8120]
  0x000001ebe389ea60 ConcurrentGCThread "G1 Main Marker" [stack: 0x0000003353300000,0x0000003353400000] [id=7488]
  0x000001ebe5a36340 ConcurrentGCThread "G1 Conc#0" [stack: 0x0000003353400000,0x0000003353500000] [id=5756]

[error occurred during error reporting (printing all threads), id 0xc0000005, EXCEPTION_ACCESS_VIOLATION (0xc0000005) at pc=0x00007fff232184b7]

VM state: not at safepoint (not fully initialized)

VM Mutex/Monitor currently owned by a thread:  ([mutex/lock_event])
[0x000001ebe59fec70] Heap_lock - owner thread: 0x000001ebe5a03240

Heap address: 0x00000000c1600000, size: 1002 MB, Compressed Oops mode: 32-bit

CDS archive(s) mapped at: [0x0000000000000000-0x0000000000000000-0x0000000000000000), size 0, SharedBaseAddress: 0x0000000800000000, ArchiveRelocationMode: 0.
Narrow klass base: 0x0000000000000000, Narrow klass shift: 0, Narrow klass range: 0x0

GC Precious Log:
<Empty>

Heap:
 garbage-first heap   total 0K, used 0K [0x00000000c1600000, 0x0000000100000000)
  region size 1024K, 0 young (0K), 0 survivors (0K)

[error occurred during error reporting (printing heap information), id 0xc0000005, EXCEPTION_ACCESS_VIOLATION (0xc0000005) at pc=0x00007fff235f8d89]

GC Heap History (0 events):
No events

Deoptimization events (0 events):
No events

Classes unloaded (0 events):
No events

Classes redefined (0 events):
No events

Internal exceptions (0 events):
No events

VM Operations (0 events):
No events

Events (1 events):
Event: 0.026 Loaded shared library C:\Program Files\Java\jdk-17.0.1\bin\java.dll


Dynamic libraries:
0x00007ff7bb7f0000 - 0x00007ff7bb800000 	C:\Program Files\Java\jdk-17.0.1\bin\java.exe
0x00007fff715b0000 - 0x00007fff717a5000 	C:\Windows\SYSTEM32\ntdll.dll
0x00007fff711a0000 - 0x00007fff7125e000 	C:\Windows\System32\KERNEL32.DLL
0x00007fff6f050000 - 0x00007fff6f318000 	C:\Windows\System32\KERNELBASE.dll
0x00007fff6f320000 - 0x00007fff6f420000 	C:\Windows\System32\ucrtbase.dll
0x00007fff688f0000 - 0x00007fff68908000 	C:\Program Files\Java\jdk-17.0.1\bin\jli.dll
0x00007fff710f0000 - 0x00007fff7119c000 	C:\Windows\System32\ADVAPI32.dll
0x00007fff6f700000 - 0x00007fff6f79e000 	C:\Windows\System32\msvcrt.dll
0x00007fff70b90000 - 0x00007fff70c2b000 	C:\Windows\System32\sechost.dll
0x00007fff70fc0000 - 0x00007fff710ea000 	C:\Windows\System32\RPCRT4.dll
0x00007fff70e10000 - 0x00007fff70fb1000 	C:\Windows\System32\USER32.dll
0x00007fff6f530000 - 0x00007fff6f552000 	C:\Windows\System32\win32u.dll
0x00007fff70a20000 - 0x00007fff70a4b000 	C:\Windows\System32\GDI32.dll
0x00007fff64f60000 - 0x00007fff64f7a000 	C:\Program Files\Java\jdk-17.0.1\bin\VCRUNTIME140.dll
0x00007fff65cb0000 - 0x00007fff65f4a000 	C:\Windows\WinSxS\amd64_microsoft.windows.common-controls_6595b64144ccf1df_6.0.19041.1110_none_60b5254171f9507e\COMCTL32.dll
0x00007fff6f420000 - 0x00007fff6f52d000 	C:\Windows\System32\gdi32full.dll
0x00007fff6ef30000 - 0x00007fff6efcd000 	C:\Windows\System32\msvcp_win.dll
0x00007fff6d560000 - 0x00007fff6d56a000 	C:\Windows\SYSTEM32\VERSION.dll
0x00007fff70500000 - 0x00007fff70530000 	C:\Windows\System32\IMM32.DLL
0x00007fff6d570000 - 0x00007fff6d5a6000 	C:\Windows\system32\DriverStore\FileRepository\nvam.inf_amd64_1aae4f19e68d0780\nvinitx.dll
0x00007fff6fdb0000 - 0x00007fff704f4000 	C:\Windows\System32\Shell32.dll
0x00007fff6cd60000 - 0x00007fff6d4f4000 	C:\Windows\SYSTEM32\windows.storage.dll
0x00007fff6f870000 - 0x00007fff6fbc5000 	C:\Windows\System32\combase.dll
0x00007fff6e710000 - 0x00007fff6e73e000 	C:\Windows\SYSTEM32\Wldp.dll
0x00007fff6fd00000 - 0x00007fff6fdad000 	C:\Windows\System32\SHCORE.dll
0x00007fff6fbe0000 - 0x00007fff6fc35000 	C:\Windows\System32\shlwapi.dll
0x0000000071cb0000 - 0x0000000071cb6000 	C:\Program Files\NVIDIA Corporation\CoProcManager\_etoured.dll
0x00007fff66070000 - 0x00007fff660b3000 	C:\Program Files\NVIDIA Corporation\CoProcManager\nvd3d9wrapx.dll
0x00007fff705a0000 - 0x00007fff70a12000 	C:\Windows\System32\SETUPAPI.dll
0x00007fff6f000000 - 0x00007fff6f04e000 	C:\Windows\System32\cfgmgr32.dll
0x00007fff6efd0000 - 0x00007fff6eff7000 	C:\Windows\System32\bcrypt.dll
0x00007fff666c0000 - 0x00007fff666ed000 	C:\Program Files\NVIDIA Corporation\CoProcManager\nvdxgiwrapx.dll
0x00007fff68830000 - 0x00007fff6883c000 	C:\Program Files\Java\jdk-17.0.1\bin\vcruntime140_1.dll
0x00007fff505a0000 - 0x00007fff5062d000 	C:\Program Files\Java\jdk-17.0.1\bin\msvcp140.dll
0x00007fff22f30000 - 0x00007fff23aee000 	C:\Program Files\Java\jdk-17.0.1\bin\server\jvm.dll
0x00007fff6fbd0000 - 0x00007fff6fbd8000 	C:\Windows\System32\PSAPI.DLL
0x00007fff66490000 - 0x00007fff664b7000 	C:\Windows\SYSTEM32\WINMM.dll
0x00007fff59790000 - 0x00007fff59799000 	C:\Windows\SYSTEM32\WSOCK32.dll
0x00007fff70530000 - 0x00007fff7059b000 	C:\Windows\System32\WS2_32.dll
0x00007fff6cb60000 - 0x00007fff6cb72000 	C:\Windows\SYSTEM32\kernel.appcore.dll
0x00007fff67c30000 - 0x00007fff67c3a000 	C:\Program Files\Java\jdk-17.0.1\bin\jimage.dll
0x00007fff66f90000 - 0x00007fff67174000 	C:\Windows\SYSTEM32\DBGHELP.DLL
0x00007fff66dc0000 - 0x00007fff66dec000 	C:\Windows\SYSTEM32\dbgcore.DLL
0x00007fff6f560000 - 0x00007fff6f5e2000 	C:\Windows\System32\bcryptPrimitives.dll
0x00007fff5b9c0000 - 0x00007fff5b9ce000 	C:\Program Files\Java\jdk-17.0.1\bin\instrument.dll
0x00007fff5d820000 - 0x00007fff5d845000 	C:\Program Files\Java\jdk-17.0.1\bin\java.dll

dbghelp: loaded successfully - version: 4.0.5 - missing functions: none
symbol engine: initialized successfully - sym options: 0x614 - pdb path: .;C:\Program Files\Java\jdk-17.0.1\bin;C:\Windows\SYSTEM32;C:\Windows\WinSxS\amd64_microsoft.windows.common-controls_6595b64144ccf1df_6.0.19041.1110_none_60b5254171f9507e;C:\Windows\system32\DriverStore\FileRepository\nvam.inf_amd64_1aae4f19e68d0780;C:\Program Files\NVIDIA Corporation\CoProcManager;C:\Program Files\Java\jdk-17.0.1\bin\server

VM Arguments:
jvm_args: -javaagent:C:\\Users\\ASUS\\.m2\\repository\\org\\jacoco\\org.jacoco.agent\\0.8.5\\org.jacoco.agent-0.8.5-runtime.jar=destfile=C:\\Users\\ASUS\\Desktop\\parksystem\\target\\jacoco-output\\jacoco-unit-tests.exec 
java_command: C:\Users\ASUS\AppData\Local\Temp\surefire794789746274621837\surefirebooter14350570198105259873.jar C:\Users\ASUS\AppData\Local\Temp\surefire794789746274621837 2021-12-28T11-11-20_886-jvmRun1 surefire4747302238803333313tmp surefire_015362179736651387234tmp
java_class_path (initial): C:\Users\ASUS\AppData\Local\Temp\surefire794789746274621837\surefirebooter14350570198105259873.jar
Launcher Type: SUN_STANDARD

[Global flags]
     intx CICompilerCount                          = 4                                         {product} {ergonomic}
     uint ConcGCThreads                            = 2                                         {product} {ergonomic}
     uint G1ConcRefinementThreads                  = 8                                         {product} {ergonomic}
   size_t G1HeapRegionSize                         = 1048576                                   {product} {ergonomic}
    uintx GCDrainStackTargetSize                   = 64                                        {product} {ergonomic}
   size_t InitialHeapSize                          = 67108864                                  {product} {ergonomic}
   size_t MarkStackSize                            = 4194304                                   {product} {ergonomic}
   size_t MaxHeapSize                              = 1050673152                                {product} {ergonomic}
   size_t MinHeapDeltaBytes                        = 1048576                                   {product} {ergonomic}
   size_t MinHeapSize                              = 8388608                                   {product} {ergonomic}
    uintx NonNMethodCodeHeapSize                   = 5839372                                {pd product} {ergonomic}
    uintx NonProfiledCodeHeapSize                  = 122909434                              {pd product} {ergonomic}
    uintx ProfiledCodeHeapSize                     = 122909434                              {pd product} {ergonomic}
    uintx ReservedCodeCacheSize                    = 251658240                              {pd product} {ergonomic}
     bool SegmentedCodeCache                       = true                                      {product} {ergonomic}
   size_t SoftMaxHeapSize                          = 1050673152                             {manageable} {ergonomic}
     bool UseCompressedClassPointers               = true                           {product lp64_product} {ergonomic}
     bool UseCompressedOops                        = true                           {product lp64_product} {ergonomic}
     bool UseG1GC                                  = true                                      {product} {ergonomic}
     bool UseLargePagesIndividualAllocation        = false                                  {pd product} {ergonomic}

Logging:
Log output configuration:
 #0: stdout all=warning uptime,level,tags
 #1: stderr all=off uptime,level,tags

Environment Variables:
JAVA_HOME=C:\Program Files\Java\jdk-17.0.1
PATH=C:\Program Files\Common Files\Oracle\Java\javapath;C:\Program Files (x86)\Common Files\Oracle\Java\javapath;C:\Program Files\AdoptOpenJDK\jdk-16.0.1.9-hotspot\bin;C:\Windows\system32;C:\Windows;C:\Windows\System32\Wbem;C:\Windows\System32\WindowsPowerShell\v1.0\;C:\Windows\System32\OpenSSH\;C:\Program Files\Git\cmd;C:\Program Files\Java\jdk-17.0.1\bin;C:\Users\ASUS\Desktop\MAVEN\apache-maven-3.8.3-bin\apache-maven-3.8.3\bin;C:\Program Files\MySQL\MySQL Shell 8.0\bin\;C:\Users\ASUS\AppData\Local\Microsoft\WindowsApps;C:\Program Files\JetBrains\IntelliJ IDEA Community Edition 2021.2.3\bin;;C:\Program Files (x86)\GnuWin32\bin;
USERNAME=ASUS
OS=Windows_NT
PROCESSOR_IDENTIFIER=Intel64 Family 6 Model 42 Stepping 7, GenuineIntel



---------------  S Y S T E M  ---------------

OS:
 Windows 10 , 64 bit Build 19041 (10.0.19041.1348)
OS uptime: 11 days 1:26 hours

CPU: total 8 (initial active 8) (4 cores per cpu, 2 threads per core) family 6 model 42 stepping 7 microcode 0x2f, cx8, cmov, fxsr, ht, mmx, sse, sse2, sse3, ssse3, sse4.1, sse4.2, popcnt, tsc, tscinvbit, avx, aes, clmul, vzeroupper, clflush

Memory: 4k page, system-wide physical 4006M (58M free)
TotalPageFile size 16294M (AvailPageFile size 34M)
current process WorkingSet (physical memory assigned to process): 12M, peak: 12M
current process commit charge ("private bytes"): 61M, peak: 124M

vm_info: Java HotSpot(TM) 64-Bit Server VM (17.0.1+12-LTS-39) for windows-amd64 JRE (17.0.1+12-LTS-39), built on Sep 27 2021 18:41:35 by "mach5one" with MS VC++ 16.8 (VS2019)

END.
