#
# There is insufficient memory for the Java Runtime Environment to continue.
# Native memory allocation (malloc) failed to allocate 928736 bytes for Chunk::new
# Possible reasons:
#   The system is out of physical RAM or swap space
#   The process is running with CompressedOops enabled, and the Java Heap may be blocking the growth of the native heap
# Possible solutions:
#   Reduce memory load on the system
#   Increase physical memory or swap space
#   Check if swap backing store is full
#   Decrease Java heap size (-Xmx/-Xms)
#   Decrease number of Java threads
#   Decrease Java thread stack sizes (-Xss)
#   Set larger code cache with -XX:ReservedCodeCacheSize=
#   JVM is running with Unscaled Compressed Oops mode in which the Java heap is
#     placed in the first 4GB address space. The Java Heap base address is the
#     maximum limit for the native heap growth. Please use -XX:HeapBaseMinAddress
#     to set the Java Heap base and to place the Java Heap above 4GB virtual address.
# This output file may be truncated or incomplete.
#
#  Out of Memory Error (arena.cpp:189), pid=8184, tid=18916
#
# JRE version: Java(TM) SE Runtime Environment (17.0.1+12) (build 17.0.1+12-LTS-39)
# Java VM: Java HotSpot(TM) 64-Bit Server VM (17.0.1+12-LTS-39, mixed mode, sharing, tiered, compressed oops, compressed class ptrs, g1 gc, windows-amd64)
# No core dump will be written. Minidumps are not enabled by default on client versions of Windows
#

---------------  S U M M A R Y ------------

Command Line: -javaagent:C:\\Users\\ASUS\\.m2\\repository\\org\\jacoco\\org.jacoco.agent\\0.8.5\\org.jacoco.agent-0.8.5-runtime.jar=destfile=C:\\Users\\ASUS\\Desktop\\parksystem\\target\\jacoco-output\\jacoco-integration-tests.exec C:\Users\ASUS\AppData\Local\Temp\surefire10078904546140693759\surefirebooter15356931364262355107.jar C:\Users\ASUS\AppData\Local\Temp\surefire10078904546140693759 2021-12-28T11-00-57_490-jvmRun1 surefire3092203910365094246tmp surefire_017151020203004355479tmp

Host: Intel(R) Core(TM) i7-2630QM CPU @ 2.00GHz, 8 cores, 3G,  Windows 10 , 64 bit Build 19041 (10.0.19041.1348)
Time: Tue Dec 28 11:00:58 2021 Paris, Madrid elapsed time: 0.836455 seconds (0d 0h 0m 0s)

---------------  T H R E A D  ---------------

Current thread (0x000001c9fa125300):  JavaThread "C2 CompilerThread0" daemon [_thread_in_native, id=18916, stack(0x00000052d0600000,0x00000052d0700000)]


Current CompileTask:
C2:    836  953       4       org.jacoco.agent.rt.internal_43f5073.asm.commons.AnalyzerAdapter::execute (2009 bytes)

Stack: [0x00000052d0600000,0x00000052d0700000]
Native frames: (J=compiled Java code, j=interpreted, Vv=VM code, C=native code)
V  [jvm.dll+0x66fa1a]
V  [jvm.dll+0x7ce5a4]
V  [jvm.dll+0x7cfd4e]
V  [jvm.dll+0x7d03b3]
V  [jvm.dll+0x242b05]
V  [jvm.dll+0xaa05b]
V  [jvm.dll+0xaa5ec]
V  [jvm.dll+0x2a953f]
V  [jvm.dll+0x5785a9]
V  [jvm.dll+0x21dd7d]
V  [jvm.dll+0x21e15f]
V  [jvm.dll+0x217a2a]
V  [jvm.dll+0x214f05]
V  [jvm.dll+0x1a168d]
V  [jvm.dll+0x224848]
V  [jvm.dll+0x2229ac]
V  [jvm.dll+0x78435b]
V  [jvm.dll+0x77e91a]
V  [jvm.dll+0x66e845]
C  [ucrtbase.dll+0x21bb2]
C  [KERNEL32.DLL+0x17034]
C  [ntdll.dll+0x52651]


---------------  P R O C E S S  ---------------

Threads class SMR info:
_java_thread_list=0x000001c9fb3c0ba0, length=15, elements={
0x000001c9ed6dda60, 0x000001c9fa108780, 0x000001c9fa109740, 0x000001c9fa118f00,
0x000001c9fa1198b0, 0x000001c9fa11a260, 0x000001c9fa11cc20, 0x000001c9fa125300,
0x000001c9fa122250, 0x000001c9fa123b60, 0x000001c9facba500, 0x000001c9fae93f00,
0x000001c9fb040440, 0x000001c9fb4a4bc0, 0x000001c9fb303020
}

Java Threads: ( => current thread )
  0x000001c9ed6dda60 JavaThread "main" [_thread_in_Java, id=17284, stack(0x00000052cf900000,0x00000052cfa00000)]
  0x000001c9fa108780 JavaThread "Reference Handler" daemon [_thread_blocked, id=11984, stack(0x00000052d0000000,0x00000052d0100000)]
  0x000001c9fa109740 JavaThread "Finalizer" daemon [_thread_blocked, id=17872, stack(0x00000052d0100000,0x00000052d0200000)]
  0x000001c9fa118f00 JavaThread "Signal Dispatcher" daemon [_thread_blocked, id=9352, stack(0x00000052d0200000,0x00000052d0300000)]
  0x000001c9fa1198b0 JavaThread "Attach Listener" daemon [_thread_blocked, id=4188, stack(0x00000052d0300000,0x00000052d0400000)]
  0x000001c9fa11a260 JavaThread "Service Thread" daemon [_thread_blocked, id=2364, stack(0x00000052d0400000,0x00000052d0500000)]
  0x000001c9fa11cc20 JavaThread "Monitor Deflation Thread" daemon [_thread_blocked, id=7520, stack(0x00000052d0500000,0x00000052d0600000)]
=>0x000001c9fa125300 JavaThread "C2 CompilerThread0" daemon [_thread_in_native, id=18916, stack(0x00000052d0600000,0x00000052d0700000)]
  0x000001c9fa122250 JavaThread "C1 CompilerThread0" daemon [_thread_blocked, id=14672, stack(0x00000052d0700000,0x00000052d0800000)]
  0x000001c9fa123b60 JavaThread "Sweeper thread" daemon [_thread_blocked, id=8516, stack(0x00000052d0800000,0x00000052d0900000)]
  0x000001c9facba500 JavaThread "Common-Cleaner" daemon [_thread_blocked, id=2508, stack(0x00000052d0900000,0x00000052d0a00000)]
  0x000001c9fae93f00 JavaThread "C2 CompilerThread1" daemon [_thread_in_native, id=18576, stack(0x00000052d0a00000,0x00000052d0b00000)]
  0x000001c9fb040440 JavaThread "Notification Thread" daemon [_thread_blocked, id=9624, stack(0x00000052d0b00000,0x00000052d0c00000)]
  0x000001c9fb4a4bc0 JavaThread "surefire-forkedjvm-command-thread" daemon [_thread_in_native, id=20184, stack(0x00000052d0d00000,0x00000052d0e00000)]
  0x000001c9fb303020 JavaThread "surefire-forkedjvm-ping-30s" daemon [_thread_blocked, id=10620, stack(0x00000052d0e00000,0x00000052d0f00000)]

Other Threads:
  0x000001c9fa104cc0 VMThread "VM Thread" [stack: 0x00000052cff00000,0x00000052d0000000] [id=18192]
  0x000001c9ed723ed0 WatcherThread [stack: 0x00000052d0c00000,0x00000052d0d00000] [id=11724]
  0x000001c9ed70b8e0 GCTaskThread "GC Thread#0" [stack: 0x00000052cfa00000,0x00000052cfb00000] [id=18932]
  0x000001c9fb256540 GCTaskThread "GC Thread#1" [stack: 0x00000052d0f00000,0x00000052d1000000] [id=2500]
  0x000001c9fbd88c70 GCTaskThread "GC Thread#2" [stack: 0x00000052d1000000,0x00000052d1100000] [id=13620]
  0x000001c9fb7be430 GCTaskThread "GC Thread#3" [stack: 0x00000052d1100000,0x00000052d1200000] [id=4768]
  0x000001c9fbbcaba0 GCTaskThread "GC Thread#4" [stack: 0x00000052d1200000,0x00000052d1300000] [id=7036]
  0x000001c9fb723800 GCTaskThread "GC Thread#5" [stack: 0x00000052d1300000,0x00000052d1400000] [id=17416]
  0x000001c9ed714600 ConcurrentGCThread "G1 Main Marker" [stack: 0x00000052cfb00000,0x00000052cfc00000] [id=4736]
  0x000001c9ed7157b0 ConcurrentGCThread "G1 Conc#0" [stack: 0x00000052cfc00000,0x00000052cfd00000] [id=19440]
  0x000001c9ed74dc20 ConcurrentGCThread "G1 Refine#0" [stack: 0x00000052cfd00000,0x00000052cfe00000] [id=7080]
  0x000001c9ed74e4e0 ConcurrentGCThread "G1 Service" [stack: 0x00000052cfe00000,0x00000052cff00000] [id=1892]

Threads with active compile tasks:
C2 CompilerThread0      910  953       4       org.jacoco.agent.rt.internal_43f5073.asm.commons.AnalyzerAdapter::execute (2009 bytes)
C1 CompilerThread0      910 1200       3       org.jacoco.agent.rt.internal_43f5073.asm.ClassReader::readField (667 bytes)
C2 CompilerThread1      910 1131   !   4       java.util.zip.ZipFile::getEntry (59 bytes)

VM state: not at safepoint (normal execution)

VM Mutex/Monitor currently owned by a thread: None

Heap address: 0x00000000c1600000, size: 1002 MB, Compressed Oops mode: 32-bit

CDS archive(s) mapped at: [0x0000000800000000-0x0000000800bc0000-0x0000000800bc0000), size 12320768, SharedBaseAddress: 0x0000000800000000, ArchiveRelocationMode: 0.
Compressed class space mapped at: 0x0000000800c00000-0x0000000840c00000, reserved size: 1073741824
Narrow klass base: 0x0000000800000000, Narrow klass shift: 0, Narrow klass range: 0x100000000

GC Precious Log:
 CPUs: 8 total, 8 available
 Memory: 4006M
 Large Page Support: Disabled
 NUMA Support: Disabled
 Compressed Oops: Enabled (32-bit)
 Heap Region Size: 1M
 Heap Min Capacity: 8M
 Heap Initial Capacity: 64M
 Heap Max Capacity: 1002M
 Pre-touch: Disabled
 Parallel Workers: 8
 Concurrent Workers: 2
 Concurrent Refinement Workers: 8
 Periodic GC: Disabled

Heap:
 garbage-first heap   total 65536K, used 13477K [0x00000000c1600000, 0x0000000100000000)
  region size 1024K, 13 young (13312K), 3 survivors (3072K)
 Metaspace       used 4178K, committed 4288K, reserved 1056768K
  class space    used 389K, committed 448K, reserved 1048576K

Heap Regions: E=young(eden), S=young(survivor), O=old, HS=humongous(starts), HC=humongous(continues), CS=collection set, F=free, OA=open archive, CA=closed archive, TAMS=top-at-mark-start (previous, next)
|   0|0x00000000c1600000, 0x00000000c1700000, 0x00000000c1700000|100%| O|  |TAMS 0x00000000c1600000, 0x00000000c1600000| Untracked 
|   1|0x00000000c1700000, 0x00000000c1729400, 0x00000000c1800000| 16%| O|  |TAMS 0x00000000c1700000, 0x00000000c1700000| Untracked 
|   2|0x00000000c1800000, 0x00000000c1800000, 0x00000000c1900000|  0%| F|  |TAMS 0x00000000c1800000, 0x00000000c1800000| Untracked 
|   3|0x00000000c1900000, 0x00000000c1900000, 0x00000000c1a00000|  0%| F|  |TAMS 0x00000000c1900000, 0x00000000c1900000| Untracked 
|   4|0x00000000c1a00000, 0x00000000c1a00000, 0x00000000c1b00000|  0%| F|  |TAMS 0x00000000c1a00000, 0x00000000c1a00000| Untracked 
|   5|0x00000000c1b00000, 0x00000000c1b00000, 0x00000000c1c00000|  0%| F|  |TAMS 0x00000000c1b00000, 0x00000000c1b00000| Untracked 
|   6|0x00000000c1c00000, 0x00000000c1c00000, 0x00000000c1d00000|  0%| F|  |TAMS 0x00000000c1c00000, 0x00000000c1c00000| Untracked 
|   7|0x00000000c1d00000, 0x00000000c1d00000, 0x00000000c1e00000|  0%| F|  |TAMS 0x00000000c1d00000, 0x00000000c1d00000| Untracked 
|   8|0x00000000c1e00000, 0x00000000c1e00000, 0x00000000c1f00000|  0%| F|  |TAMS 0x00000000c1e00000, 0x00000000c1e00000| Untracked 
|   9|0x00000000c1f00000, 0x00000000c1f00000, 0x00000000c2000000|  0%| F|  |TAMS 0x00000000c1f00000, 0x00000000c1f00000| Untracked 
|  10|0x00000000c2000000, 0x00000000c2000000, 0x00000000c2100000|  0%| F|  |TAMS 0x00000000c2000000, 0x00000000c2000000| Untracked 
|  11|0x00000000c2100000, 0x00000000c2100000, 0x00000000c2200000|  0%| F|  |TAMS 0x00000000c2100000, 0x00000000c2100000| Untracked 
|  12|0x00000000c2200000, 0x00000000c2200000, 0x00000000c2300000|  0%| F|  |TAMS 0x00000000c2200000, 0x00000000c2200000| Untracked 
|  13|0x00000000c2300000, 0x00000000c2300000, 0x00000000c2400000|  0%| F|  |TAMS 0x00000000c2300000, 0x00000000c2300000| Untracked 
|  14|0x00000000c2400000, 0x00000000c2400000, 0x00000000c2500000|  0%| F|  |TAMS 0x00000000c2400000, 0x00000000c2400000| Untracked 
|  15|0x00000000c2500000, 0x00000000c2500000, 0x00000000c2600000|  0%| F|  |TAMS 0x00000000c2500000, 0x00000000c2500000| Untracked 
|  16|0x00000000c2600000, 0x00000000c2600000, 0x00000000c2700000|  0%| F|  |TAMS 0x00000000c2600000, 0x00000000c2600000| Untracked 
|  17|0x00000000c2700000, 0x00000000c2700000, 0x00000000c2800000|  0%| F|  |TAMS 0x00000000c2700000, 0x00000000c2700000| Untracked 
|  18|0x00000000c2800000, 0x00000000c2800000, 0x00000000c2900000|  0%| F|  |TAMS 0x00000000c2800000, 0x00000000c2800000| Untracked 
|  19|0x00000000c2900000, 0x00000000c2900000, 0x00000000c2a00000|  0%| F|  |TAMS 0x00000000c2900000, 0x00000000c2900000| Untracked 
|  20|0x00000000c2a00000, 0x00000000c2a00000, 0x00000000c2b00000|  0%| F|  |TAMS 0x00000000c2a00000, 0x00000000c2a00000| Untracked 
|  21|0x00000000c2b00000, 0x00000000c2b00000, 0x00000000c2c00000|  0%| F|  |TAMS 0x00000000c2b00000, 0x00000000c2b00000| Untracked 
|  22|0x00000000c2c00000, 0x00000000c2c00000, 0x00000000c2d00000|  0%| F|  |TAMS 0x00000000c2c00000, 0x00000000c2c00000| Untracked 
|  23|0x00000000c2d00000, 0x00000000c2d00000, 0x00000000c2e00000|  0%| F|  |TAMS 0x00000000c2d00000, 0x00000000c2d00000| Untracked 
|  24|0x00000000c2e00000, 0x00000000c2e00000, 0x00000000c2f00000|  0%| F|  |TAMS 0x00000000c2e00000, 0x00000000c2e00000| Untracked 
|  25|0x00000000c2f00000, 0x00000000c2f00000, 0x00000000c3000000|  0%| F|  |TAMS 0x00000000c2f00000, 0x00000000c2f00000| Untracked 
|  26|0x00000000c3000000, 0x00000000c3000000, 0x00000000c3100000|  0%| F|  |TAMS 0x00000000c3000000, 0x00000000c3000000| Untracked 
|  27|0x00000000c3100000, 0x00000000c3100000, 0x00000000c3200000|  0%| F|  |TAMS 0x00000000c3100000, 0x00000000c3100000| Untracked 
|  28|0x00000000c3200000, 0x00000000c3200000, 0x00000000c3300000|  0%| F|  |TAMS 0x00000000c3200000, 0x00000000c3200000| Untracked 
|  29|0x00000000c3300000, 0x00000000c3300000, 0x00000000c3400000|  0%| F|  |TAMS 0x00000000c3300000, 0x00000000c3300000| Untracked 
|  30|0x00000000c3400000, 0x00000000c3400000, 0x00000000c3500000|  0%| F|  |TAMS 0x00000000c3400000, 0x00000000c3400000| Untracked 
|  31|0x00000000c3500000, 0x00000000c3500000, 0x00000000c3600000|  0%| F|  |TAMS 0x00000000c3500000, 0x00000000c3500000| Untracked 
|  32|0x00000000c3600000, 0x00000000c3600000, 0x00000000c3700000|  0%| F|  |TAMS 0x00000000c3600000, 0x00000000c3600000| Untracked 
|  33|0x00000000c3700000, 0x00000000c3700000, 0x00000000c3800000|  0%| F|  |TAMS 0x00000000c3700000, 0x00000000c3700000| Untracked 
|  34|0x00000000c3800000, 0x00000000c3800000, 0x00000000c3900000|  0%| F|  |TAMS 0x00000000c3800000, 0x00000000c3800000| Untracked 
|  35|0x00000000c3900000, 0x00000000c3900000, 0x00000000c3a00000|  0%| F|  |TAMS 0x00000000c3900000, 0x00000000c3900000| Untracked 
|  36|0x00000000c3a00000, 0x00000000c3a00000, 0x00000000c3b00000|  0%| F|  |TAMS 0x00000000c3a00000, 0x00000000c3a00000| Untracked 
|  37|0x00000000c3b00000, 0x00000000c3b00000, 0x00000000c3c00000|  0%| F|  |TAMS 0x00000000c3b00000, 0x00000000c3b00000| Untracked 
|  38|0x00000000c3c00000, 0x00000000c3d00000, 0x00000000c3d00000|100%| S|CS|TAMS 0x00000000c3c00000, 0x00000000c3c00000| Complete 
|  39|0x00000000c3d00000, 0x00000000c3e00000, 0x00000000c3e00000|100%| S|CS|TAMS 0x00000000c3d00000, 0x00000000c3d00000| Complete 
|  40|0x00000000c3e00000, 0x00000000c3f00000, 0x00000000c3f00000|100%| S|CS|TAMS 0x00000000c3e00000, 0x00000000c3e00000| Complete 
|  41|0x00000000c3f00000, 0x00000000c3f00000, 0x00000000c4000000|  0%| F|  |TAMS 0x00000000c3f00000, 0x00000000c3f00000| Untracked 
|  42|0x00000000c4000000, 0x00000000c4000000, 0x00000000c4100000|  0%| F|  |TAMS 0x00000000c4000000, 0x00000000c4000000| Untracked 
|  43|0x00000000c4100000, 0x00000000c4100000, 0x00000000c4200000|  0%| F|  |TAMS 0x00000000c4100000, 0x00000000c4100000| Untracked 
|  44|0x00000000c4200000, 0x00000000c4200000, 0x00000000c4300000|  0%| F|  |TAMS 0x00000000c4200000, 0x00000000c4200000| Untracked 
|  45|0x00000000c4300000, 0x00000000c4300000, 0x00000000c4400000|  0%| F|  |TAMS 0x00000000c4300000, 0x00000000c4300000| Untracked 
|  46|0x00000000c4400000, 0x00000000c4400000, 0x00000000c4500000|  0%| F|  |TAMS 0x00000000c4400000, 0x00000000c4400000| Untracked 
|  47|0x00000000c4500000, 0x00000000c4500000, 0x00000000c4600000|  0%| F|  |TAMS 0x00000000c4500000, 0x00000000c4500000| Untracked 
|  48|0x00000000c4600000, 0x00000000c4600000, 0x00000000c4700000|  0%| F|  |TAMS 0x00000000c4600000, 0x00000000c4600000| Untracked 
|  49|0x00000000c4700000, 0x00000000c4700000, 0x00000000c4800000|  0%| F|  |TAMS 0x00000000c4700000, 0x00000000c4700000| Untracked 
|  50|0x00000000c4800000, 0x00000000c4800000, 0x00000000c4900000|  0%| F|  |TAMS 0x00000000c4800000, 0x00000000c4800000| Untracked 
|  51|0x00000000c4900000, 0x00000000c4900000, 0x00000000c4a00000|  0%| F|  |TAMS 0x00000000c4900000, 0x00000000c4900000| Untracked 
|  52|0x00000000c4a00000, 0x00000000c4a00000, 0x00000000c4b00000|  0%| F|  |TAMS 0x00000000c4a00000, 0x00000000c4a00000| Untracked 
|  53|0x00000000c4b00000, 0x00000000c4b00000, 0x00000000c4c00000|  0%| F|  |TAMS 0x00000000c4b00000, 0x00000000c4b00000| Untracked 
|  54|0x00000000c4c00000, 0x00000000c4cf0b30, 0x00000000c4d00000| 94%| E|  |TAMS 0x00000000c4c00000, 0x00000000c4c00000| Complete 
|  55|0x00000000c4d00000, 0x00000000c4e00000, 0x00000000c4e00000|100%| E|CS|TAMS 0x00000000c4d00000, 0x00000000c4d00000| Complete 
|  56|0x00000000c4e00000, 0x00000000c4f00000, 0x00000000c4f00000|100%| E|CS|TAMS 0x00000000c4e00000, 0x00000000c4e00000| Complete 
|  57|0x00000000c4f00000, 0x00000000c5000000, 0x00000000c5000000|100%| E|CS|TAMS 0x00000000c4f00000, 0x00000000c4f00000| Complete 
|  58|0x00000000c5000000, 0x00000000c5100000, 0x00000000c5100000|100%| E|CS|TAMS 0x00000000c5000000, 0x00000000c5000000| Complete 
|  59|0x00000000c5100000, 0x00000000c5200000, 0x00000000c5200000|100%| E|CS|TAMS 0x00000000c5100000, 0x00000000c5100000| Complete 
|  60|0x00000000c5200000, 0x00000000c5300000, 0x00000000c5300000|100%| E|CS|TAMS 0x00000000c5200000, 0x00000000c5200000| Complete 
|  61|0x00000000c5300000, 0x00000000c5400000, 0x00000000c5400000|100%| E|CS|TAMS 0x00000000c5300000, 0x00000000c5300000| Complete 
|  62|0x00000000c5400000, 0x00000000c5500000, 0x00000000c5500000|100%| E|CS|TAMS 0x00000000c5400000, 0x00000000c5400000| Complete 
|  63|0x00000000c5500000, 0x00000000c5600000, 0x00000000c5600000|100%| E|CS|TAMS 0x00000000c5500000, 0x00000000c5500000| Complete 

Card table byte_map: [0x000001c9f53b0000,0x000001c9f55b0000] _byte_map_base: 0x000001c9f4da5000

Marking Bits (Prev, Next): (CMBitMap*) 0x000001c9ed70bef0, (CMBitMap*) 0x000001c9ed70bf30
 Prev Bits: [0x000001c9f57b0000, 0x000001c9f6758000)
 Next Bits: [0x000001c9f6760000, 0x000001c9f7708000)

Polling page: 0x000001c9eb560000

Metaspace:

Usage:
  Non-class:      3.71 MB used.
      Class:    389.90 KB used.
       Both:      4.09 MB used.

Virtual space:
  Non-class space:        8.00 MB reserved,       3.75 MB ( 47%) committed,  1 nodes.
      Class space:        1.00 GB reserved,     448.00 KB ( <1%) committed,  1 nodes.
             Both:        1.01 GB reserved,       4.19 MB ( <1%) committed. 

Chunk freelists:
   Non-Class:  2.32 MB
       Class:  3.58 MB
        Both:  5.90 MB

MaxMetaspaceSize: unlimited
CompressedClassSpaceSize: 1.00 GB
Initial GC threshold: 21.00 MB
Current GC threshold: 21.00 MB
CDS: on
MetaspaceReclaimPolicy: balanced
 - commit_granule_bytes: 65536.
 - commit_granule_words: 8192.
 - virtual_space_node_default_size: 1048576.
 - enlarge_chunks_in_place: 1.
 - new_chunks_are_fully_committed: 0.
 - uncommit_free_chunks: 1.
 - use_allocation_guard: 0.
 - handle_deallocations: 1.


Internal statistics:

num_allocs_failed_limit: 0.
num_arena_births: 32.
num_arena_deaths: 0.
num_vsnodes_births: 2.
num_vsnodes_deaths: 0.
num_space_committed: 67.
num_space_uncommitted: 0.
num_chunks_returned_to_freelist: 0.
num_chunks_taken_from_freelist: 120.
num_chunk_merges: 0.
num_chunk_splits: 80.
num_chunks_enlarged: 64.
num_purges: 0.
num_inconsistent_stats: 0.

CodeHeap 'non-profiled nmethods': size=120000Kb used=361Kb max_used=361Kb free=119639Kb
 bounds [0x000001c987ad0000, 0x000001c987d40000, 0x000001c98f000000]
CodeHeap 'profiled nmethods': size=120000Kb used=2468Kb max_used=2468Kb free=117532Kb
 bounds [0x000001c9805a0000, 0x000001c980810000, 0x000001c987ad0000]
CodeHeap 'non-nmethods': size=5760Kb used=1152Kb max_used=1173Kb free=4608Kb
 bounds [0x000001c980000000, 0x000001c980270000, 0x000001c9805a0000]
 total_blobs=1630 nmethods=1189 adapters=354
 compilation: enabled
              stopped_count=0, restarted_count=0
 full_count=0

Compilation events (20 events):
Event: 0.827 Thread 0x000001c9fa122250 nmethod 1101 0x000001c9807d6210 code [0x000001c9807d63c0, 0x000001c9807d65c8]
Event: 0.827 Thread 0x000001c9fa122250 1109       3       java.util.jar.JarFile::getEntry (35 bytes)
Event: 0.828 Thread 0x000001c9fa122250 nmethod 1109 0x000001c9807d6690 code [0x000001c9807d6880, 0x000001c9807d6d18]
Event: 0.828 Thread 0x000001c9fa122250 1104       3       jdk.internal.jimage.ImageStringsReader::unmaskedHashCode (166 bytes)
Event: 0.829 Thread 0x000001c9fae93f00 nmethod 1108 0x000001c987b23d90 code [0x000001c987b23f00, 0x000001c987b24078]
Event: 0.829 Thread 0x000001c9fae93f00 1055       4       java.util.ArrayList::<init> (61 bytes)
Event: 0.829 Thread 0x000001c9fa122250 nmethod 1104 0x000001c9807d6e90 code [0x000001c9807d70e0, 0x000001c9807d7d18]
Event: 0.829 Thread 0x000001c9fa122250 1110   !   2       jdk.internal.loader.URLClassPath$JarLoader::getResource (65 bytes)
Event: 0.830 Thread 0x000001c9fa122250 nmethod 1110 0x000001c9807d8210 code [0x000001c9807d8400, 0x000001c9807d88a8]
Event: 0.830 Thread 0x000001c9fa122250 1102       3       org.jacoco.agent.rt.internal_43f5073.asm.MethodWriter::visitLdcInsn (215 bytes)
Event: 0.831 Thread 0x000001c9fa122250 nmethod 1102 0x000001c9807d8a90 code [0x000001c9807d8d00, 0x000001c9807d9888]
Event: 0.832 Thread 0x000001c9fa122250 1103       3       java.lang.StringConcatHelper::newString (67 bytes)
Event: 0.832 Thread 0x000001c9fae93f00 nmethod 1055 0x000001c987b24190 code [0x000001c987b24320, 0x000001c987b24678]
Event: 0.832 Thread 0x000001c9fa122250 nmethod 1103 0x000001c9807d9d10 code [0x000001c9807d9f80, 0x000001c9807da9e8]
Event: 0.832 Thread 0x000001c9fae93f00 1111       4       org.jacoco.agent.rt.internal_43f5073.asm.Type::getTypeInternal (199 bytes)
Event: 0.832 Thread 0x000001c9fa122250 1099       3       org.jacoco.agent.rt.internal_43f5073.asm.ClassVisitor::visit (24 bytes)
Event: 0.833 Thread 0x000001c9fa122250 nmethod 1099 0x000001c9807dad90 code [0x000001c9807daf40, 0x000001c9807db168]
Event: 0.833 Thread 0x000001c9fa122250 1100       3       org.jacoco.agent.rt.internal_43f5073.asm.ClassVisitor::visitSource (17 bytes)
Event: 0.833 Thread 0x000001c9fa122250 nmethod 1100 0x000001c9807db290 code [0x000001c9807db440, 0x000001c9807db648]
Event: 0.833 Thread 0x000001c9fa122250 1112       3       org.jacoco.agent.rt.internal_43f5073.asm.ClassVisitor::<init> (66 bytes)

GC Heap History (2 events):
Event: 0.703 GC heap before
{Heap before GC invocations=0 (full 0):
 garbage-first heap   total 65536K, used 23552K [0x00000000c1600000, 0x0000000100000000)
  region size 1024K, 23 young (23552K), 0 survivors (0K)
 Metaspace       used 3167K, committed 3264K, reserved 1056768K
  class space    used 289K, committed 320K, reserved 1048576K
}
Event: 0.711 GC heap after
{Heap after GC invocations=1 (full 0):
 garbage-first heap   total 65536K, used 4261K [0x00000000c1600000, 0x0000000100000000)
  region size 1024K, 3 young (3072K), 3 survivors (3072K)
 Metaspace       used 3167K, committed 3264K, reserved 1056768K
  class space    used 289K, committed 320K, reserved 1048576K
}

Deoptimization events (20 events):
Event: 0.808 Thread 0x000001c9ed6dda60 Uncommon trap: trap_request=0xffffff45 fr.pc=0x000001c987af9af8 relative=0x0000000000000258
Event: 0.808 Thread 0x000001c9ed6dda60 Uncommon trap: reason=unstable_if action=reinterpret pc=0x000001c987af9af8 method=jdk.internal.loader.URLClassPath.getLoader(I)Ljdk/internal/loader/URLClassPath$Loader; @ 19 c2
Event: 0.808 Thread 0x000001c9ed6dda60 DEOPT PACKING pc=0x000001c987af9af8 sp=0x00000052cf9fc740
Event: 0.808 Thread 0x000001c9ed6dda60 DEOPT UNPACKING pc=0x000001c9800523a3 sp=0x00000052cf9fc6d8 mode 2
Event: 0.811 Thread 0x000001c9ed6dda60 Uncommon trap: trap_request=0xffffff45 fr.pc=0x000001c987b145f8 relative=0x0000000000000078
Event: 0.811 Thread 0x000001c9ed6dda60 Uncommon trap: reason=unstable_if action=reinterpret pc=0x000001c987b145f8 method=org.jacoco.agent.rt.internal_43f5073.asm.MethodVisitor.visitVarInsn(II)V @ 4 c2
Event: 0.811 Thread 0x000001c9ed6dda60 DEOPT PACKING pc=0x000001c987b145f8 sp=0x00000052cf9fb9e0
Event: 0.811 Thread 0x000001c9ed6dda60 DEOPT UNPACKING pc=0x000001c9800523a3 sp=0x00000052cf9fb968 mode 2
Event: 0.820 Thread 0x000001c9ed6dda60 Uncommon trap: trap_request=0xffffff45 fr.pc=0x000001c987ae5c64 relative=0x0000000000000064
Event: 0.820 Thread 0x000001c9ed6dda60 Uncommon trap: reason=unstable_if action=reinterpret pc=0x000001c987ae5c64 method=java.io.WinNTFileSystem.isSlash(C)Z @ 9 c2
Event: 0.820 Thread 0x000001c9ed6dda60 DEOPT PACKING pc=0x000001c987ae5c64 sp=0x00000052cf9fdd60
Event: 0.820 Thread 0x000001c9ed6dda60 DEOPT UNPACKING pc=0x000001c9800523a3 sp=0x00000052cf9fdce8 mode 2
Event: 0.821 Thread 0x000001c9ed6dda60 Uncommon trap: trap_request=0xffffffde fr.pc=0x000001c987b10f4c relative=0x000000000000040c
Event: 0.821 Thread 0x000001c9ed6dda60 Uncommon trap: reason=class_check action=maybe_recompile pc=0x000001c987b10f4c method=java.util.HashMap.getNode(Ljava/lang/Object;)Ljava/util/HashMap$Node; @ 128 c2
Event: 0.821 Thread 0x000001c9ed6dda60 DEOPT PACKING pc=0x000001c987b10f4c sp=0x00000052cf9fdd30
Event: 0.821 Thread 0x000001c9ed6dda60 DEOPT UNPACKING pc=0x000001c9800523a3 sp=0x00000052cf9fdca8 mode 2
Event: 0.821 Thread 0x000001c9ed6dda60 Uncommon trap: trap_request=0xffffff45 fr.pc=0x000001c987afb940 relative=0x00000000000009c0
Event: 0.821 Thread 0x000001c9ed6dda60 Uncommon trap: reason=unstable_if action=reinterpret pc=0x000001c987afb940 method=java.util.jar.JarFile.checkForSpecialAttributes()V @ 4 c2
Event: 0.821 Thread 0x000001c9ed6dda60 DEOPT PACKING pc=0x000001c987afb940 sp=0x00000052cf9fe1a0
Event: 0.821 Thread 0x000001c9ed6dda60 DEOPT UNPACKING pc=0x000001c9800523a3 sp=0x00000052cf9fe098 mode 2

Classes unloaded (0 events):
No events

Classes redefined (0 events):
No events

Internal exceptions (9 events):
Event: 0.287 Thread 0x000001c9ed6dda60 Exception <a 'java/lang/NoSuchMethodError'{0x00000000c4f58878}: 'void java.lang.invoke.DirectMethodHandle$Holder.invokeStatic(java.lang.Object, java.lang.Object, java.lang.Object)'> (0x00000000c4f58878) 
thrown [t:\workspace\open\src\hotspot\share\interpreter\linkResolver.cpp, line 766]
Event: 0.289 Thread 0x000001c9ed6dda60 Exception <a 'java/lang/NoSuchMethodError'{0x00000000c4f5f710}: 'void java.lang.invoke.DirectMethodHandle$Holder.invokeStatic(java.lang.Object, java.lang.Object, java.lang.Object, java.lang.Object)'> (0x00000000c4f5f710) 
thrown [t:\workspace\open\src\hotspot\share\interpreter\linkResolver.cpp, line 766]
Event: 0.469 Thread 0x000001c9ed6dda60 Exception <a 'java/lang/NoSuchMethodError'{0x00000000c4a90630}: 'java.lang.Object java.lang.invoke.DirectMethodHandle$Holder.invokeStaticInit(java.lang.Object)'> (0x00000000c4a90630) 
thrown [t:\workspace\open\src\hotspot\share\interpreter\linkResolver.cpp, line 766]
Event: 0.485 Thread 0x000001c9ed6dda60 Exception <a 'java/lang/NoSuchMethodError'{0x00000000c4ae23b0}: 'int java.lang.invoke.DirectMethodHandle$Holder.invokeSpecial(java.lang.Object, java.lang.Object, java.lang.Object)'> (0x00000000c4ae23b0) 
thrown [t:\workspace\open\src\hotspot\share\interpreter\linkResolver.cpp, line 766]
Event: 0.720 Thread 0x000001c9fb303020 Exception <a 'java/lang/NoSuchMethodError'{0x00000000c557e5a0}: 'void java.lang.invoke.DirectMethodHandle$Holder.invokeStatic(java.lang.Object, long)'> (0x00000000c557e5a0) 
thrown [t:\workspace\open\src\hotspot\share\interpreter\linkResolver.cpp, line 766]
Event: 0.722 Thread 0x000001c9fb303020 Exception <a 'java/lang/NoSuchMethodError'{0x00000000c5583c90}: 'java.lang.Object java.lang.invoke.DirectMethodHandle$Holder.newInvokeSpecial(java.lang.Object, long)'> (0x00000000c5583c90) 
thrown [t:\workspace\open\src\hotspot\share\interpreter\linkResolver.cpp, line 766]
Event: 0.726 Thread 0x000001c9fb303020 Exception <a 'java/lang/NoSuchMethodError'{0x00000000c5591bd0}: 'java.lang.Object java.lang.invoke.DirectMethodHandle$Holder.invokeStaticInit(java.lang.Object, java.lang.Object, long, java.lang.Object)'> (0x00000000c5591bd0) 
thrown [t:\workspace\open\src\hotspot\share\interpreter\linkResolver.cpp, line 766]
Event: 0.728 Thread 0x000001c9fb303020 Exception <a 'java/lang/NoSuchMethodError'{0x00000000c5598258}: 'java.lang.Object java.lang.invoke.DirectMethodHandle$Holder.newInvokeSpecial(java.lang.Object, java.lang.Object, long)'> (0x00000000c5598258) 
thrown [t:\workspace\open\src\hotspot\share\interpreter\linkResolver.cpp, line 766]
Event: 0.729 Thread 0x000001c9fb303020 Exception <a 'java/lang/NoSuchMethodError'{0x00000000c559c548}: 'java.lang.Object java.lang.invoke.Invokers$Holder.linkToTargetMethod(java.lang.Object, long, java.lang.Object)'> (0x00000000c559c548) 
thrown [t:\workspace\open\src\hotspot\share\interpreter\linkResolver.cpp, line 766]

VM Operations (16 events):
Event: 0.095 Executing VM operation: HandshakeAllThreads
Event: 0.095 Executing VM operation: HandshakeAllThreads done
Event: 0.255 Executing VM operation: HandshakeAllThreads
Event: 0.255 Executing VM operation: HandshakeAllThreads done
Event: 0.537 Executing VM operation: ICBufferFull
Event: 0.537 Executing VM operation: ICBufferFull done
Event: 0.538 Executing VM operation: HandshakeAllThreads
Event: 0.538 Executing VM operation: HandshakeAllThreads done
Event: 0.638 Executing VM operation: HandshakeAllThreads
Event: 0.638 Executing VM operation: HandshakeAllThreads done
Event: 0.703 Executing VM operation: G1CollectForAllocation
Event: 0.711 Executing VM operation: G1CollectForAllocation done
Event: 0.820 Executing VM operation: HandshakeAllThreads
Event: 0.820 Executing VM operation: HandshakeAllThreads done
Event: 0.820 Executing VM operation: HandshakeAllThreads
Event: 0.820 Executing VM operation: HandshakeAllThreads done

Events (20 events):
Event: 0.818 loading class sun/net/www/protocol/jar/JarFileFactory
Event: 0.818 loading class sun/net/www/protocol/jar/URLJarFile$URLJarFileCloseController
Event: 0.818 loading class sun/net/www/protocol/jar/URLJarFile$URLJarFileCloseController done
Event: 0.818 loading class sun/net/www/protocol/jar/JarFileFactory done
Event: 0.819 loading class sun/net/www/protocol/file/FileURLConnection
Event: 0.819 loading class sun/net/www/URLConnection
Event: 0.819 loading class sun/net/www/URLConnection done
Event: 0.819 loading class sun/net/www/protocol/file/FileURLConnection done
Event: 0.819 loading class sun/net/www/MessageHeader
Event: 0.819 loading class sun/net/www/MessageHeader done
Event: 0.820 loading class sun/net/www/protocol/jar/URLJarFile
Event: 0.820 loading class sun/net/www/protocol/jar/URLJarFile done
Event: 0.821 loading class sun/net/www/protocol/jar/URLJarFile$URLJarFileEntry
Event: 0.821 loading class sun/net/www/protocol/jar/URLJarFile$URLJarFileEntry done
Event: 0.821 loading class sun/net/www/protocol/jar/JarURLConnection$JarURLInputStream
Event: 0.821 loading class sun/net/www/protocol/jar/JarURLConnection$JarURLInputStream done
Event: 0.822 loading class java/util/LinkedHashMap$LinkedKeySet
Event: 0.822 loading class java/util/LinkedHashMap$LinkedKeySet done
Event: 0.822 loading class java/util/LinkedHashMap$LinkedKeyIterator
Event: 0.822 loading class java/util/LinkedHashMap$LinkedKeyIterator done


Dynamic libraries:
0x00007ff7bb7f0000 - 0x00007ff7bb800000 	C:\Program Files\Java\jdk-17.0.1\bin\java.exe
0x00007fff715b0000 - 0x00007fff717a5000 	C:\Windows\SYSTEM32\ntdll.dll
0x00007fff711a0000 - 0x00007fff7125e000 	C:\Windows\System32\KERNEL32.DLL
0x00007fff6f050000 - 0x00007fff6f318000 	C:\Windows\System32\KERNELBASE.dll
0x00007fff6f320000 - 0x00007fff6f420000 	C:\Windows\System32\ucrtbase.dll
0x00007fff64f60000 - 0x00007fff64f78000 	C:\Program Files\Java\jdk-17.0.1\bin\jli.dll
0x00007fff688f0000 - 0x00007fff6890a000 	C:\Program Files\Java\jdk-17.0.1\bin\VCRUNTIME140.dll
0x00007fff710f0000 - 0x00007fff7119c000 	C:\Windows\System32\ADVAPI32.dll
0x00007fff6f700000 - 0x00007fff6f79e000 	C:\Windows\System32\msvcrt.dll
0x00007fff70b90000 - 0x00007fff70c2b000 	C:\Windows\System32\sechost.dll
0x00007fff70fc0000 - 0x00007fff710ea000 	C:\Windows\System32\RPCRT4.dll
0x00007fff70e10000 - 0x00007fff70fb1000 	C:\Windows\System32\USER32.dll
0x00007fff6f530000 - 0x00007fff6f552000 	C:\Windows\System32\win32u.dll
0x00007fff65cb0000 - 0x00007fff65f4a000 	C:\Windows\WinSxS\amd64_microsoft.windows.common-controls_6595b64144ccf1df_6.0.19041.1110_none_60b5254171f9507e\COMCTL32.dll
0x00007fff70a20000 - 0x00007fff70a4b000 	C:\Windows\System32\GDI32.dll
0x00007fff6f420000 - 0x00007fff6f52d000 	C:\Windows\System32\gdi32full.dll
0x00007fff6ef30000 - 0x00007fff6efcd000 	C:\Windows\System32\msvcp_win.dll
0x00007fff6d560000 - 0x00007fff6d56a000 	C:\Windows\SYSTEM32\VERSION.dll
0x00007fff70500000 - 0x00007fff70530000 	C:\Windows\System32\IMM32.DLL
0x00007fff6d570000 - 0x00007fff6d5a6000 	C:\Windows\system32\DriverStore\FileRepository\nvam.inf_amd64_1aae4f19e68d0780\nvinitx.dll
0x00007fff6fdb0000 - 0x00007fff704f4000 	C:\Windows\System32\Shell32.dll
0x00007fff6cd60000 - 0x00007fff6d4f4000 	C:\Windows\SYSTEM32\windows.storage.dll
0x00007fff6f870000 - 0x00007fff6fbc5000 	C:\Windows\System32\combase.dll
0x00007fff6e710000 - 0x00007fff6e73e000 	C:\Windows\SYSTEM32\Wldp.dll
0x00007fff6fd00000 - 0x00007fff6fdad000 	C:\Windows\System32\SHCORE.dll
0x00007fff6fbe0000 - 0x00007fff6fc35000 	C:\Windows\System32\shlwapi.dll
0x0000000071cb0000 - 0x0000000071cb6000 	C:\Program Files\NVIDIA Corporation\CoProcManager\_etoured.dll
0x00007fff66070000 - 0x00007fff660b3000 	C:\Program Files\NVIDIA Corporation\CoProcManager\nvd3d9wrapx.dll
0x00007fff705a0000 - 0x00007fff70a12000 	C:\Windows\System32\SETUPAPI.dll
0x00007fff6f000000 - 0x00007fff6f04e000 	C:\Windows\System32\cfgmgr32.dll
0x00007fff6efd0000 - 0x00007fff6eff7000 	C:\Windows\System32\bcrypt.dll
0x00007fff666c0000 - 0x00007fff666ed000 	C:\Program Files\NVIDIA Corporation\CoProcManager\nvdxgiwrapx.dll
0x00007fff68830000 - 0x00007fff6883c000 	C:\Program Files\Java\jdk-17.0.1\bin\vcruntime140_1.dll
0x00007fff505a0000 - 0x00007fff5062d000 	C:\Program Files\Java\jdk-17.0.1\bin\msvcp140.dll
0x00007fff22f30000 - 0x00007fff23aee000 	C:\Program Files\Java\jdk-17.0.1\bin\server\jvm.dll
0x00007fff6fbd0000 - 0x00007fff6fbd8000 	C:\Windows\System32\PSAPI.DLL
0x00007fff66490000 - 0x00007fff664b7000 	C:\Windows\SYSTEM32\WINMM.dll
0x00007fff59790000 - 0x00007fff59799000 	C:\Windows\SYSTEM32\WSOCK32.dll
0x00007fff70530000 - 0x00007fff7059b000 	C:\Windows\System32\WS2_32.dll
0x00007fff6cb60000 - 0x00007fff6cb72000 	C:\Windows\SYSTEM32\kernel.appcore.dll
0x00007fff67c30000 - 0x00007fff67c3a000 	C:\Program Files\Java\jdk-17.0.1\bin\jimage.dll
0x00007fff66f90000 - 0x00007fff67174000 	C:\Windows\SYSTEM32\DBGHELP.DLL
0x00007fff66dc0000 - 0x00007fff66dec000 	C:\Windows\SYSTEM32\dbgcore.DLL
0x00007fff6f560000 - 0x00007fff6f5e2000 	C:\Windows\System32\bcryptPrimitives.dll
0x00007fff5cc70000 - 0x00007fff5cc7e000 	C:\Program Files\Java\jdk-17.0.1\bin\instrument.dll
0x00007fff5d820000 - 0x00007fff5d845000 	C:\Program Files\Java\jdk-17.0.1\bin\java.dll
0x00007fff504c0000 - 0x00007fff50596000 	C:\Program Files\Java\jdk-17.0.1\bin\svml.dll
0x00007fff6ec00000 - 0x00007fff6ec1f000 	C:\Windows\SYSTEM32\profapi.dll
0x00007fff5d800000 - 0x00007fff5d818000 	C:\Program Files\Java\jdk-17.0.1\bin\zip.dll
0x00007fff64f40000 - 0x00007fff64f59000 	C:\Program Files\Java\jdk-17.0.1\bin\net.dll
0x00007fff650b0000 - 0x00007fff651bc000 	C:\Windows\SYSTEM32\WINHTTP.dll
0x00007fff6e470000 - 0x00007fff6e4da000 	C:\Windows\system32\mswsock.dll
0x00007fff5dd30000 - 0x00007fff5dd45000 	C:\Program Files\Java\jdk-17.0.1\bin\nio.dll
0x00007fff67180000 - 0x00007fff67190000 	C:\Program Files\Java\jdk-17.0.1\bin\verify.dll
0x00007fff5c7a0000 - 0x00007fff5c7b7000 	C:\Windows\system32\napinsp.dll
0x00007fff5c780000 - 0x00007fff5c79b000 	C:\Windows\system32\pnrpnsp.dll
0x00007fff6a160000 - 0x00007fff6a175000 	C:\Windows\system32\wshbth.dll
0x00007fff68330000 - 0x00007fff6834d000 	C:\Windows\system32\NLAapi.dll
0x00007fff6e110000 - 0x00007fff6e14b000 	C:\Windows\SYSTEM32\IPHLPAPI.DLL
0x00007fff6e160000 - 0x00007fff6e22b000 	C:\Windows\SYSTEM32\DNSAPI.dll
0x00007fff70e00000 - 0x00007fff70e08000 	C:\Windows\System32\NSI.dll
0x00007fff5c760000 - 0x00007fff5c772000 	C:\Windows\System32\winrnr.dll
0x00007fff64150000 - 0x00007fff6415a000 	C:\Windows\System32\rasadhlp.dll
0x00007fff64430000 - 0x00007fff644af000 	C:\Windows\System32\fwpuclnt.dll
0x00007fff614a0000 - 0x00007fff614a9000 	C:\Program Files\Java\jdk-17.0.1\bin\management.dll
0x00007fff5dd70000 - 0x00007fff5dd7b000 	C:\Program Files\Java\jdk-17.0.1\bin\management_ext.dll

dbghelp: loaded successfully - version: 4.0.5 - missing functions: none
symbol engine: initialized successfully - sym options: 0x614 - pdb path: .;C:\Program Files\Java\jdk-17.0.1\bin;C:\Windows\SYSTEM32;C:\Windows\WinSxS\amd64_microsoft.windows.common-controls_6595b64144ccf1df_6.0.19041.1110_none_60b5254171f9507e;C:\Windows\system32\DriverStore\FileRepository\nvam.inf_amd64_1aae4f19e68d0780;C:\Program Files\NVIDIA Corporation\CoProcManager;C:\Program Files\Java\jdk-17.0.1\bin\server

VM Arguments:
jvm_args: -javaagent:C:\\Users\\ASUS\\.m2\\repository\\org\\jacoco\\org.jacoco.agent\\0.8.5\\org.jacoco.agent-0.8.5-runtime.jar=destfile=C:\\Users\\ASUS\\Desktop\\parksystem\\target\\jacoco-output\\jacoco-integration-tests.exec 
java_command: C:\Users\ASUS\AppData\Local\Temp\surefire10078904546140693759\surefirebooter15356931364262355107.jar C:\Users\ASUS\AppData\Local\Temp\surefire10078904546140693759 2021-12-28T11-00-57_490-jvmRun1 surefire3092203910365094246tmp surefire_017151020203004355479tmp
java_class_path (initial): C:\Users\ASUS\AppData\Local\Temp\surefire10078904546140693759\surefirebooter15356931364262355107.jar
Launcher Type: SUN_STANDARD

[Global flags]
     intx CICompilerCount                          = 4                                         {product} {ergonomic}
     uint ConcGCThreads                            = 2                                         {product} {ergonomic}
     uint G1ConcRefinementThreads                  = 8                                         {product} {ergonomic}
   size_t G1HeapRegionSize                         = 1048576                                   {product} {ergonomic}
    uintx GCDrainStackTargetSize                   = 64                                        {product} {ergonomic}
   size_t InitialHeapSize                          = 67108864                                  {product} {ergonomic}
   size_t MarkStackSize                            = 4194304                                   {product} {ergonomic}
   size_t MaxHeapSize                              = 1050673152                                {product} {ergonomic}
   size_t MaxNewSize                               = 630194176                                 {product} {ergonomic}
   size_t MinHeapDeltaBytes                        = 1048576                                   {product} {ergonomic}
   size_t MinHeapSize                              = 8388608                                   {product} {ergonomic}
    uintx NonNMethodCodeHeapSize                   = 5839372                                {pd product} {ergonomic}
    uintx NonProfiledCodeHeapSize                  = 122909434                              {pd product} {ergonomic}
    uintx ProfiledCodeHeapSize                     = 122909434                              {pd product} {ergonomic}
    uintx ReservedCodeCacheSize                    = 251658240                              {pd product} {ergonomic}
     bool SegmentedCodeCache                       = true                                      {product} {ergonomic}
   size_t SoftMaxHeapSize                          = 1050673152                             {manageable} {ergonomic}
     bool UseCompressedClassPointers               = true                           {product lp64_product} {ergonomic}
     bool UseCompressedOops                        = true                           {product lp64_product} {ergonomic}
     bool UseG1GC                                  = true                                      {product} {ergonomic}
     bool UseLargePagesIndividualAllocation        = false                                  {pd product} {ergonomic}

Logging:
Log output configuration:
 #0: stdout all=warning uptime,level,tags
 #1: stderr all=off uptime,level,tags

Environment Variables:
JAVA_HOME=C:\Program Files\Java\jdk-17.0.1
PATH=C:\Program Files\Common Files\Oracle\Java\javapath;C:\Program Files (x86)\Common Files\Oracle\Java\javapath;C:\Program Files\AdoptOpenJDK\jdk-16.0.1.9-hotspot\bin;C:\Windows\system32;C:\Windows;C:\Windows\System32\Wbem;C:\Windows\System32\WindowsPowerShell\v1.0\;C:\Windows\System32\OpenSSH\;C:\Program Files\Git\cmd;C:\Program Files\Java\jdk-17.0.1\bin;C:\Users\ASUS\Desktop\MAVEN\apache-maven-3.8.3-bin\apache-maven-3.8.3\bin;C:\Program Files\MySQL\MySQL Shell 8.0\bin\;C:\Users\ASUS\AppData\Local\Microsoft\WindowsApps;C:\Program Files\JetBrains\IntelliJ IDEA Community Edition 2021.2.3\bin;;C:\Program Files (x86)\GnuWin32\bin;
USERNAME=ASUS
OS=Windows_NT
PROCESSOR_IDENTIFIER=Intel64 Family 6 Model 42 Stepping 7, GenuineIntel



---------------  S Y S T E M  ---------------

OS:
 Windows 10 , 64 bit Build 19041 (10.0.19041.1348)
OS uptime: 11 days 1:16 hours

CPU: total 8 (initial active 8) (4 cores per cpu, 2 threads per core) family 6 model 42 stepping 7 microcode 0x2f, cx8, cmov, fxsr, ht, mmx, sse, sse2, sse3, ssse3, sse4.1, sse4.2, popcnt, tsc, tscinvbit, avx, aes, clmul, vzeroupper, clflush

Memory: 4k page, system-wide physical 4006M (428M free)
TotalPageFile size 16294M (AvailPageFile size 16M)
current process WorkingSet (physical memory assigned to process): 89M, peak: 89M
current process commit charge ("private bytes"): 169M, peak: 169M

vm_info: Java HotSpot(TM) 64-Bit Server VM (17.0.1+12-LTS-39) for windows-amd64 JRE (17.0.1+12-LTS-39), built on Sep 27 2021 18:41:35 by "mach5one" with MS VC++ 16.8 (VS2019)

END.
