#
# There is insufficient memory for the Java Runtime Environment to continue.
# Native memory allocation (mmap) failed to map 65536 bytes for Failed to commit metaspace.
# Possible reasons:
#   The system is out of physical RAM or swap space
#   The process is running with CompressedOops enabled, and the Java Heap may be blocking the growth of the native heap
# Possible solutions:
#   Reduce memory load on the system
#   Increase physical memory or swap space
#   Check if swap backing store is full
#   Decrease Java heap size (-Xmx/-Xms)
#   Decrease number of Java threads
#   Decrease Java thread stack sizes (-Xss)
#   Set larger code cache with -XX:ReservedCodeCacheSize=
#   JVM is running with Unscaled Compressed Oops mode in which the Java heap is
#     placed in the first 4GB address space. The Java Heap base address is the
#     maximum limit for the native heap growth. Please use -XX:HeapBaseMinAddress
#     to set the Java Heap base and to place the Java Heap above 4GB virtual address.
# This output file may be truncated or incomplete.
#
#  Out of Memory Error (virtualSpaceNode.cpp:110), pid=14280, tid=8284
#
# JRE version: Java(TM) SE Runtime Environment (17.0.1+12) (build 17.0.1+12-LTS-39)
# Java VM: Java HotSpot(TM) 64-Bit Server VM (17.0.1+12-LTS-39, mixed mode, tiered, compressed oops, compressed class ptrs, g1 gc, windows-amd64)
# No core dump will be written. Minidumps are not enabled by default on client versions of Windows
#

---------------  S U M M A R Y ------------

Command Line: -javaagent:C:\\Users\\ASUS\\.m2\\repository\\org\\jacoco\\org.jacoco.agent\\0.8.5\\org.jacoco.agent-0.8.5-runtime.jar=destfile=C:\\Users\\ASUS\\Desktop\\parksystem\\target\\jacoco-output\\jacoco-unit-tests.exec C:\Users\ASUS\AppData\Local\Temp\surefire8048976444444430495\surefirebooter12747821904807758042.jar C:\Users\ASUS\AppData\Local\Temp\surefire8048976444444430495 2021-12-28T11-12-36_001-jvmRun1 surefire13555886755769329722tmp surefire_06314912688355458194tmp

Host: Intel(R) Core(TM) i7-2630QM CPU @ 2.00GHz, 8 cores, 3G,  Windows 10 , 64 bit Build 19041 (10.0.19041.1348)
Time: Tue Dec 28 11:12:37 2021 Paris, Madrid elapsed time: 0.128259 seconds (0d 0h 0m 0s)

---------------  T H R E A D  ---------------

Current thread (0x00000205d51aee80):  JavaThread "main" [_thread_in_vm, id=8284, stack(0x000000b457400000,0x000000b457500000)]

Stack: [0x000000b457400000,0x000000b457500000]
Native frames: (J=compiled Java code, j=interpreted, Vv=VM code, C=native code)
V  [jvm.dll+0x66fa1a]
V  [jvm.dll+0x7ce5a4]
V  [jvm.dll+0x7cfd4e]
V  [jvm.dll+0x7d03b3]
V  [jvm.dll+0x242b05]
V  [jvm.dll+0x7ca54b]
V  [jvm.dll+0x615b76]
V  [jvm.dll+0x615bda]
V  [jvm.dll+0x6183ea]
V  [jvm.dll+0x616516]
V  [jvm.dll+0x620187]
V  [jvm.dll+0x1e7dcb]
V  [jvm.dll+0x1e8305]
V  [jvm.dll+0x1e8d3f]
V  [jvm.dll+0x1de1f1]
V  [jvm.dll+0x537690]
V  [jvm.dll+0x1ee9d7]
V  [jvm.dll+0x748afb]
V  [jvm.dll+0x749ea2]
V  [jvm.dll+0x74a1d8]
V  [jvm.dll+0x23ae5e]
V  [jvm.dll+0x23b0af]
V  [jvm.dll+0x5554e8]
V  [jvm.dll+0x558350]
V  [jvm.dll+0x37f027]
V  [jvm.dll+0x37e67f]
C  0x00000205de14a4ec

Java frames: (J=compiled Java code, j=interpreted, Vv=VM code)
j  java.lang.invoke.LambdaForm.compileToBytecode()V+69 java.base@17.0.1
j  java.lang.invoke.DirectMethodHandle.makePreparedLambdaForm(Ljava/lang/invoke/MethodType;I)Ljava/lang/invoke/LambdaForm;+792 java.base@17.0.1
j  java.lang.invoke.DirectMethodHandle.preparedLambdaForm(Ljava/lang/invoke/MethodType;I)Ljava/lang/invoke/LambdaForm;+17 java.base@17.0.1
j  java.lang.invoke.DirectMethodHandle.preparedLambdaForm(Ljava/lang/invoke/MemberName;Z)Ljava/lang/invoke/LambdaForm;+159 java.base@17.0.1
j  java.lang.invoke.DirectMethodHandle.preparedLambdaForm(Ljava/lang/invoke/MemberName;)Ljava/lang/invoke/LambdaForm;+2 java.base@17.0.1
j  java.lang.invoke.DirectMethodHandle.make(BLjava/lang/Class;Ljava/lang/invoke/MemberName;Ljava/lang/Class;)Ljava/lang/invoke/DirectMethodHandle;+163 java.base@17.0.1
j  java.lang.invoke.MethodHandles$Lookup.getDirectMethodCommon(BLjava/lang/Class;Ljava/lang/invoke/MemberName;ZZLjava/lang/invoke/MethodHandles$Lookup;)Ljava/lang/invoke/MethodHandle;+210 java.base@17.0.1
j  java.lang.invoke.MethodHandles$Lookup.getDirectMethodNoSecurityManager(BLjava/lang/Class;Ljava/lang/invoke/MemberName;Ljava/lang/invoke/MethodHandles$Lookup;)Ljava/lang/invoke/MethodHandle;+14 java.base@17.0.1
j  java.lang.invoke.MethodHandles$Lookup.getDirectMethodForConstant(BLjava/lang/Class;Ljava/lang/invoke/MemberName;)Ljava/lang/invoke/MethodHandle;+31 java.base@17.0.1
j  java.lang.invoke.MethodHandles$Lookup.linkMethodHandleConstant(BLjava/lang/Class;Ljava/lang/String;Ljava/lang/Object;)Ljava/lang/invoke/MethodHandle;+153 java.base@17.0.1
j  java.lang.invoke.MethodHandleNatives.linkMethodHandleConstant(Ljava/lang/Class;ILjava/lang/Class;Ljava/lang/String;Ljava/lang/Object;)Ljava/lang/invoke/MethodHandle;+38 java.base@17.0.1
v  ~StubRoutines::call_stub
j  jdk.internal.module.DefaultRoots.compute(Ljava/lang/module/ModuleFinder;Ljava/lang/module/ModuleFinder;)Ljava/util/Set;+11 java.base@17.0.1
j  jdk.internal.module.ModuleBootstrap.boot2()Ljava/lang/ModuleLayer;+727 java.base@17.0.1
j  jdk.internal.module.ModuleBootstrap.boot()Ljava/lang/ModuleLayer;+64 java.base@17.0.1
j  java.lang.System.initPhase2(ZZ)I+0 java.base@17.0.1
v  ~StubRoutines::call_stub

---------------  P R O C E S S  ---------------

Threads class SMR info:
_java_thread_list=0x00000205f2bc8ec0, length=10, elements={
0x00000205d51aee80, 0x00000205f2be82e0, 0x0000020580812010, 0x00000205f2bb6a60,
0x00000205f2bb8330, 0x00000205f2bcccb0, 0x00000205f2bcd570, 0x0000020580841020,
0x000002058084ce30, 0x00000205f2becfe0
}

Java Threads: ( => current thread )
=>0x00000205d51aee80 JavaThread "main" [_thread_in_vm, id=8284, stack(0x000000b457400000,0x000000b457500000)]
  0x00000205f2be82e0 JavaThread "Reference Handler" daemon [_thread_blocked, id=16252, stack(0x000000b457b00000,0x000000b457c00000)]
  0x0000020580812010 JavaThread "Finalizer" daemon [_thread_blocked, id=14116, stack(0x000000b457c00000,0x000000b457d00000)]
  0x00000205f2bb6a60 JavaThread "Signal Dispatcher" daemon [_thread_blocked, id=15472, stack(0x000000b457d00000,0x000000b457e00000)]
  0x00000205f2bb8330 JavaThread "Attach Listener" daemon [_thread_blocked, id=3848, stack(0x000000b457e00000,0x000000b457f00000)]
  0x00000205f2bcccb0 JavaThread "Service Thread" daemon [_thread_blocked, id=2648, stack(0x000000b457f00000,0x000000b458000000)]
  0x00000205f2bcd570 JavaThread "Monitor Deflation Thread" daemon [_thread_blocked, id=19984, stack(0x000000b458000000,0x000000b458100000)]
  0x0000020580841020 JavaThread "C2 CompilerThread0" daemon [_thread_blocked, id=17940, stack(0x000000b458100000,0x000000b458200000)]
  0x000002058084ce30 JavaThread "C1 CompilerThread0" daemon [_thread_blocked, id=11864, stack(0x000000b458200000,0x000000b458300000)]
  0x00000205f2becfe0 JavaThread "Sweeper thread" daemon [_thread_blocked, id=16028, stack(0x000000b458300000,0x000000b458400000)]

Other Threads:
  0x00000205f2be3910 VMThread "VM Thread" [stack: 0x000000b457a00000,0x000000b457b00000] [id=15640]
  0x00000205d51ddbd0 GCTaskThread "GC Thread#0" [stack: 0x000000b457500000,0x000000b457600000] [id=12276]
  0x00000205d51e7770 ConcurrentGCThread "G1 Main Marker" [stack: 0x000000b457600000,0x000000b457700000] [id=18408]
  0x00000205d51e8130 ConcurrentGCThread "G1 Conc#0" [stack: 0x000000b457700000,0x000000b457800000] [id=9584]
  0x00000205f2a1e0e0 ConcurrentGCThread "G1 Refine#0" [stack: 0x000000b457800000,0x000000b457900000] [id=18632]
  0x00000205f2a1e910 ConcurrentGCThread "G1 Service" [stack: 0x000000b457900000,0x000000b457a00000] [id=11684]

Threads with active compile tasks:

VM state: not at safepoint (normal execution)

VM Mutex/Monitor currently owned by a thread:  ([mutex/lock_event])
[0x00000205d513e0f0] Metaspace_lock - owner thread: 0x00000205d51aee80

Heap address: 0x00000000c1600000, size: 1002 MB, Compressed Oops mode: 32-bit

CDS archive(s) not mapped
Compressed class space mapped at: 0x0000000100000000-0x0000000140000000, reserved size: 1073741824
Narrow klass base: 0x0000000000000000, Narrow klass shift: 3, Narrow klass range: 0x140000000

GC Precious Log:
 CPUs: 8 total, 8 available
 Memory: 4006M
 Large Page Support: Disabled
 NUMA Support: Disabled
 Compressed Oops: Enabled (32-bit)
 Heap Region Size: 1M
 Heap Min Capacity: 8M
 Heap Initial Capacity: 64M
 Heap Max Capacity: 1002M
 Pre-touch: Disabled
 Parallel Workers: 8
 Concurrent Workers: 2
 Concurrent Refinement Workers: 8
 Periodic GC: Disabled

Heap:
 garbage-first heap   total 65536K, used 0K [0x00000000c1600000, 0x0000000100000000)
  region size 1024K, 1 young (1024K), 0 survivors (0K)
 Metaspace       used 3818K, committed 3840K, reserved 1056768K
  class space    used 298K, committed 320K, reserved 1048576K

Heap Regions: E=young(eden), S=young(survivor), O=old, HS=humongous(starts), HC=humongous(continues), CS=collection set, F=free, OA=open archive, CA=closed archive, TAMS=top-at-mark-start (previous, next)
|   0|0x00000000c1600000, 0x00000000c1600000, 0x00000000c1700000|  0%| F|  |TAMS 0x00000000c1600000, 0x00000000c1600000| Untracked 
|   1|0x00000000c1700000, 0x00000000c1700000, 0x00000000c1800000|  0%| F|  |TAMS 0x00000000c1700000, 0x00000000c1700000| Untracked 
|   2|0x00000000c1800000, 0x00000000c1800000, 0x00000000c1900000|  0%| F|  |TAMS 0x00000000c1800000, 0x00000000c1800000| Untracked 
|   3|0x00000000c1900000, 0x00000000c1900000, 0x00000000c1a00000|  0%| F|  |TAMS 0x00000000c1900000, 0x00000000c1900000| Untracked 
|   4|0x00000000c1a00000, 0x00000000c1a00000, 0x00000000c1b00000|  0%| F|  |TAMS 0x00000000c1a00000, 0x00000000c1a00000| Untracked 
|   5|0x00000000c1b00000, 0x00000000c1b00000, 0x00000000c1c00000|  0%| F|  |TAMS 0x00000000c1b00000, 0x00000000c1b00000| Untracked 
|   6|0x00000000c1c00000, 0x00000000c1c00000, 0x00000000c1d00000|  0%| F|  |TAMS 0x00000000c1c00000, 0x00000000c1c00000| Untracked 
|   7|0x00000000c1d00000, 0x00000000c1d00000, 0x00000000c1e00000|  0%| F|  |TAMS 0x00000000c1d00000, 0x00000000c1d00000| Untracked 
|   8|0x00000000c1e00000, 0x00000000c1e00000, 0x00000000c1f00000|  0%| F|  |TAMS 0x00000000c1e00000, 0x00000000c1e00000| Untracked 
|   9|0x00000000c1f00000, 0x00000000c1f00000, 0x00000000c2000000|  0%| F|  |TAMS 0x00000000c1f00000, 0x00000000c1f00000| Untracked 
|  10|0x00000000c2000000, 0x00000000c2000000, 0x00000000c2100000|  0%| F|  |TAMS 0x00000000c2000000, 0x00000000c2000000| Untracked 
|  11|0x00000000c2100000, 0x00000000c2100000, 0x00000000c2200000|  0%| F|  |TAMS 0x00000000c2100000, 0x00000000c2100000| Untracked 
|  12|0x00000000c2200000, 0x00000000c2200000, 0x00000000c2300000|  0%| F|  |TAMS 0x00000000c2200000, 0x00000000c2200000| Untracked 
|  13|0x00000000c2300000, 0x00000000c2300000, 0x00000000c2400000|  0%| F|  |TAMS 0x00000000c2300000, 0x00000000c2300000| Untracked 
|  14|0x00000000c2400000, 0x00000000c2400000, 0x00000000c2500000|  0%| F|  |TAMS 0x00000000c2400000, 0x00000000c2400000| Untracked 
|  15|0x00000000c2500000, 0x00000000c2500000, 0x00000000c2600000|  0%| F|  |TAMS 0x00000000c2500000, 0x00000000c2500000| Untracked 
|  16|0x00000000c2600000, 0x00000000c2600000, 0x00000000c2700000|  0%| F|  |TAMS 0x00000000c2600000, 0x00000000c2600000| Untracked 
|  17|0x00000000c2700000, 0x00000000c2700000, 0x00000000c2800000|  0%| F|  |TAMS 0x00000000c2700000, 0x00000000c2700000| Untracked 
|  18|0x00000000c2800000, 0x00000000c2800000, 0x00000000c2900000|  0%| F|  |TAMS 0x00000000c2800000, 0x00000000c2800000| Untracked 
|  19|0x00000000c2900000, 0x00000000c2900000, 0x00000000c2a00000|  0%| F|  |TAMS 0x00000000c2900000, 0x00000000c2900000| Untracked 
|  20|0x00000000c2a00000, 0x00000000c2a00000, 0x00000000c2b00000|  0%| F|  |TAMS 0x00000000c2a00000, 0x00000000c2a00000| Untracked 
|  21|0x00000000c2b00000, 0x00000000c2b00000, 0x00000000c2c00000|  0%| F|  |TAMS 0x00000000c2b00000, 0x00000000c2b00000| Untracked 
|  22|0x00000000c2c00000, 0x00000000c2c00000, 0x00000000c2d00000|  0%| F|  |TAMS 0x00000000c2c00000, 0x00000000c2c00000| Untracked 
|  23|0x00000000c2d00000, 0x00000000c2d00000, 0x00000000c2e00000|  0%| F|  |TAMS 0x00000000c2d00000, 0x00000000c2d00000| Untracked 
|  24|0x00000000c2e00000, 0x00000000c2e00000, 0x00000000c2f00000|  0%| F|  |TAMS 0x00000000c2e00000, 0x00000000c2e00000| Untracked 
|  25|0x00000000c2f00000, 0x00000000c2f00000, 0x00000000c3000000|  0%| F|  |TAMS 0x00000000c2f00000, 0x00000000c2f00000| Untracked 
|  26|0x00000000c3000000, 0x00000000c3000000, 0x00000000c3100000|  0%| F|  |TAMS 0x00000000c3000000, 0x00000000c3000000| Untracked 
|  27|0x00000000c3100000, 0x00000000c3100000, 0x00000000c3200000|  0%| F|  |TAMS 0x00000000c3100000, 0x00000000c3100000| Untracked 
|  28|0x00000000c3200000, 0x00000000c3200000, 0x00000000c3300000|  0%| F|  |TAMS 0x00000000c3200000, 0x00000000c3200000| Untracked 
|  29|0x00000000c3300000, 0x00000000c3300000, 0x00000000c3400000|  0%| F|  |TAMS 0x00000000c3300000, 0x00000000c3300000| Untracked 
|  30|0x00000000c3400000, 0x00000000c3400000, 0x00000000c3500000|  0%| F|  |TAMS 0x00000000c3400000, 0x00000000c3400000| Untracked 
|  31|0x00000000c3500000, 0x00000000c3500000, 0x00000000c3600000|  0%| F|  |TAMS 0x00000000c3500000, 0x00000000c3500000| Untracked 
|  32|0x00000000c3600000, 0x00000000c3600000, 0x00000000c3700000|  0%| F|  |TAMS 0x00000000c3600000, 0x00000000c3600000| Untracked 
|  33|0x00000000c3700000, 0x00000000c3700000, 0x00000000c3800000|  0%| F|  |TAMS 0x00000000c3700000, 0x00000000c3700000| Untracked 
|  34|0x00000000c3800000, 0x00000000c3800000, 0x00000000c3900000|  0%| F|  |TAMS 0x00000000c3800000, 0x00000000c3800000| Untracked 
|  35|0x00000000c3900000, 0x00000000c3900000, 0x00000000c3a00000|  0%| F|  |TAMS 0x00000000c3900000, 0x00000000c3900000| Untracked 
|  36|0x00000000c3a00000, 0x00000000c3a00000, 0x00000000c3b00000|  0%| F|  |TAMS 0x00000000c3a00000, 0x00000000c3a00000| Untracked 
|  37|0x00000000c3b00000, 0x00000000c3b00000, 0x00000000c3c00000|  0%| F|  |TAMS 0x00000000c3b00000, 0x00000000c3b00000| Untracked 
|  38|0x00000000c3c00000, 0x00000000c3c00000, 0x00000000c3d00000|  0%| F|  |TAMS 0x00000000c3c00000, 0x00000000c3c00000| Untracked 
|  39|0x00000000c3d00000, 0x00000000c3d00000, 0x00000000c3e00000|  0%| F|  |TAMS 0x00000000c3d00000, 0x00000000c3d00000| Untracked 
|  40|0x00000000c3e00000, 0x00000000c3e00000, 0x00000000c3f00000|  0%| F|  |TAMS 0x00000000c3e00000, 0x00000000c3e00000| Untracked 
|  41|0x00000000c3f00000, 0x00000000c3f00000, 0x00000000c4000000|  0%| F|  |TAMS 0x00000000c3f00000, 0x00000000c3f00000| Untracked 
|  42|0x00000000c4000000, 0x00000000c4000000, 0x00000000c4100000|  0%| F|  |TAMS 0x00000000c4000000, 0x00000000c4000000| Untracked 
|  43|0x00000000c4100000, 0x00000000c4100000, 0x00000000c4200000|  0%| F|  |TAMS 0x00000000c4100000, 0x00000000c4100000| Untracked 
|  44|0x00000000c4200000, 0x00000000c4200000, 0x00000000c4300000|  0%| F|  |TAMS 0x00000000c4200000, 0x00000000c4200000| Untracked 
|  45|0x00000000c4300000, 0x00000000c4300000, 0x00000000c4400000|  0%| F|  |TAMS 0x00000000c4300000, 0x00000000c4300000| Untracked 
|  46|0x00000000c4400000, 0x00000000c4400000, 0x00000000c4500000|  0%| F|  |TAMS 0x00000000c4400000, 0x00000000c4400000| Untracked 
|  47|0x00000000c4500000, 0x00000000c4500000, 0x00000000c4600000|  0%| F|  |TAMS 0x00000000c4500000, 0x00000000c4500000| Untracked 
|  48|0x00000000c4600000, 0x00000000c4600000, 0x00000000c4700000|  0%| F|  |TAMS 0x00000000c4600000, 0x00000000c4600000| Untracked 
|  49|0x00000000c4700000, 0x00000000c4700000, 0x00000000c4800000|  0%| F|  |TAMS 0x00000000c4700000, 0x00000000c4700000| Untracked 
|  50|0x00000000c4800000, 0x00000000c4800000, 0x00000000c4900000|  0%| F|  |TAMS 0x00000000c4800000, 0x00000000c4800000| Untracked 
|  51|0x00000000c4900000, 0x00000000c4900000, 0x00000000c4a00000|  0%| F|  |TAMS 0x00000000c4900000, 0x00000000c4900000| Untracked 
|  52|0x00000000c4a00000, 0x00000000c4a00000, 0x00000000c4b00000|  0%| F|  |TAMS 0x00000000c4a00000, 0x00000000c4a00000| Untracked 
|  53|0x00000000c4b00000, 0x00000000c4b00000, 0x00000000c4c00000|  0%| F|  |TAMS 0x00000000c4b00000, 0x00000000c4b00000| Untracked 
|  54|0x00000000c4c00000, 0x00000000c4c00000, 0x00000000c4d00000|  0%| F|  |TAMS 0x00000000c4c00000, 0x00000000c4c00000| Untracked 
|  55|0x00000000c4d00000, 0x00000000c4d00000, 0x00000000c4e00000|  0%| F|  |TAMS 0x00000000c4d00000, 0x00000000c4d00000| Untracked 
|  56|0x00000000c4e00000, 0x00000000c4e00000, 0x00000000c4f00000|  0%| F|  |TAMS 0x00000000c4e00000, 0x00000000c4e00000| Untracked 
|  57|0x00000000c4f00000, 0x00000000c4f00000, 0x00000000c5000000|  0%| F|  |TAMS 0x00000000c4f00000, 0x00000000c4f00000| Untracked 
|  58|0x00000000c5000000, 0x00000000c5000000, 0x00000000c5100000|  0%| F|  |TAMS 0x00000000c5000000, 0x00000000c5000000| Untracked 
|  59|0x00000000c5100000, 0x00000000c5100000, 0x00000000c5200000|  0%| F|  |TAMS 0x00000000c5100000, 0x00000000c5100000| Untracked 
|  60|0x00000000c5200000, 0x00000000c5200000, 0x00000000c5300000|  0%| F|  |TAMS 0x00000000c5200000, 0x00000000c5200000| Untracked 
|  61|0x00000000c5300000, 0x00000000c5300000, 0x00000000c5400000|  0%| F|  |TAMS 0x00000000c5300000, 0x00000000c5300000| Untracked 
|  62|0x00000000c5400000, 0x00000000c5400000, 0x00000000c5500000|  0%| F|  |TAMS 0x00000000c5400000, 0x00000000c5400000| Untracked 
|  63|0x00000000c5500000, 0x00000000c55eb988, 0x00000000c5600000| 92%| E|  |TAMS 0x00000000c5500000, 0x00000000c5500000| Complete 

Card table byte_map: [0x00000205edd90000,0x00000205edf90000] _byte_map_base: 0x00000205ed785000

Marking Bits (Prev, Next): (CMBitMap*) 0x00000205d51df100, (CMBitMap*) 0x00000205d51df140
 Prev Bits: [0x00000205ee190000, 0x00000205ef138000)
 Next Bits: [0x00000205ef140000, 0x00000205f00e8000)

Polling page: 0x00000205d5220000

Metaspace:

Usage:
  Non-class:      3.44 MB used.
      Class:    298.47 KB used.
       Both:      3.73 MB used.

Virtual space:
  Non-class space:        8.00 MB reserved,       3.44 MB ( 43%) committed,  1 nodes.
      Class space:        1.00 GB reserved,     320.00 KB ( <1%) committed,  1 nodes.
             Both:        1.01 GB reserved,       3.75 MB ( <1%) committed. 

Chunk freelists:
   Non-Class:  0 bytes
       Class:  3.62 MB
        Both:  3.62 MB

MaxMetaspaceSize: unlimited
CompressedClassSpaceSize: 1.00 GB
Initial GC threshold: 21.00 MB
Current GC threshold: 21.00 MB
CDS: off
MetaspaceReclaimPolicy: balanced
 - commit_granule_bytes: 65536.
 - commit_granule_words: 8192.
 - virtual_space_node_default_size: 1048576.
 - enlarge_chunks_in_place: 1.
 - new_chunks_are_fully_committed: 0.
 - uncommit_free_chunks: 1.
 - use_allocation_guard: 0.
 - handle_deallocations: 1.


Internal statistics:

num_allocs_failed_limit: 0.
num_arena_births: 2.
num_arena_deaths: 0.
num_vsnodes_births: 2.
num_vsnodes_deaths: 0.
num_space_committed: 60.
num_space_uncommitted: 0.
num_chunks_returned_to_freelist: 0.
num_chunks_taken_from_freelist: 4.
num_chunk_merges: 0.
num_chunk_splits: 1.
num_chunks_enlarged: 0.
num_purges: 0.
num_inconsistent_stats: 0.

CodeHeap 'non-profiled nmethods': size=120000Kb used=4Kb max_used=4Kb free=119996Kb
 bounds [0x00000205e5c00000, 0x00000205e5e70000, 0x00000205ed130000]
CodeHeap 'profiled nmethods': size=120000Kb used=34Kb max_used=34Kb free=119965Kb
 bounds [0x00000205de6d0000, 0x00000205de940000, 0x00000205e5c00000]
CodeHeap 'non-nmethods': size=5760Kb used=1048Kb max_used=1059Kb free=4711Kb
 bounds [0x00000205de130000, 0x00000205de3a0000, 0x00000205de6d0000]
 total_blobs=336 nmethods=30 adapters=219
 compilation: enabled
              stopped_count=0, restarted_count=0
 full_count=0

Compilation events (20 events):
Event: 0.101 Thread 0x000002058084ce30   20       3       java.lang.String::coder (15 bytes)
Event: 0.101 Thread 0x000002058084ce30 nmethod 20 0x00000205de6d6310 code [0x00000205de6d64a0, 0x00000205de6d65d8]
Event: 0.101 Thread 0x000002058084ce30   21       3       java.lang.String::length (11 bytes)
Event: 0.102 Thread 0x000002058084ce30 nmethod 21 0x00000205de6d6690 code [0x00000205de6d6820, 0x00000205de6d69b8]
Event: 0.102 Thread 0x000002058084ce30   22       1       java.lang.module.ModuleDescriptor::name (5 bytes)
Event: 0.102 Thread 0x000002058084ce30 nmethod 22 0x00000205e5c00410 code [0x00000205e5c005a0, 0x00000205e5c00678]
Event: 0.102 Thread 0x000002058084ce30   23       3       java.lang.String::charAt (25 bytes)
Event: 0.102 Thread 0x000002058084ce30 nmethod 23 0x00000205de6d6a90 code [0x00000205de6d6c80, 0x00000205de6d71b8]
Event: 0.103 Thread 0x000002058084ce30   24       3       java.lang.StringLatin1::charAt (28 bytes)
Event: 0.103 Thread 0x000002058084ce30 nmethod 24 0x00000205de6d7410 code [0x00000205de6d75c0, 0x00000205de6d77c8]
Event: 0.103 Thread 0x000002058084ce30   25       1       java.lang.module.ModuleReference::descriptor (5 bytes)
Event: 0.103 Thread 0x000002058084ce30 nmethod 25 0x00000205e5c00710 code [0x00000205e5c008a0, 0x00000205e5c00978]
Event: 0.109 Thread 0x000002058084ce30   26       3       java.util.concurrent.ConcurrentHashMap::tabAt (22 bytes)
Event: 0.109 Thread 0x000002058084ce30 nmethod 26 0x00000205de6d7910 code [0x00000205de6d7ac0, 0x00000205de6d7d98]
Event: 0.109 Thread 0x000002058084ce30   28       3       java.util.ImmutableCollections$SetN$SetNIterator::next (90 bytes)
Event: 0.110 Thread 0x000002058084ce30 nmethod 28 0x00000205de6d7e90 code [0x00000205de6d8040, 0x00000205de6d8368]
Event: 0.110 Thread 0x000002058084ce30   27       3       jdk.internal.misc.Unsafe::getReferenceAcquire (7 bytes)
Event: 0.110 Thread 0x000002058084ce30 nmethod 27 0x00000205de6d8510 code [0x00000205de6d86a0, 0x00000205de6d87f8]
Event: 0.122 Thread 0x0000020580841020   29       4       java.lang.Object::<init> (1 bytes)
Event: 0.122 Thread 0x0000020580841020 nmethod 29 0x00000205e5c00d10 code [0x00000205e5c00e80, 0x00000205e5c00ef8]

GC Heap History (0 events):
No events

Deoptimization events (0 events):
No events

Classes unloaded (0 events):
No events

Classes redefined (0 events):
No events

Internal exceptions (0 events):
No events

VM Operations (0 events):
No events

Events (20 events):
Event: 0.120 loading class java/lang/invoke/DirectMethodHandle$Holder done
Event: 0.121 loading class sun/invoke/util/ValueConversions
Event: 0.121 loading class sun/invoke/util/ValueConversions done
Event: 0.121 loading class java/lang/invoke/MethodHandleImpl
Event: 0.121 loading class java/lang/invoke/MethodHandleImpl done
Event: 0.121 loading class java/lang/invoke/Invokers
Event: 0.122 loading class java/lang/invoke/Invokers done
Event: 0.122 loading class java/lang/invoke/LambdaForm$Kind
Event: 0.122 loading class java/lang/invoke/LambdaForm$Kind done
Event: 0.122 loading class java/lang/NoSuchMethodException
Event: 0.122 loading class java/lang/NoSuchMethodException done
Event: 0.123 loading class java/lang/invoke/LambdaForm$BasicType
Event: 0.123 loading class java/lang/invoke/LambdaForm$BasicType done
Event: 0.123 loading class java/lang/reflect/Array
Event: 0.123 loading class java/lang/reflect/Array done
Event: 0.123 loading class java/lang/invoke/LambdaForm$Name
Event: 0.123 loading class java/lang/invoke/LambdaForm$Name done
Event: 0.124 loading class java/lang/invoke/LambdaForm$Holder
Event: 0.124 loading class java/lang/invoke/LambdaForm$Holder done
Event: 0.124 loading class java/lang/invoke/InvokerBytecodeGenerator


Dynamic libraries:
0x00007ff7bb7f0000 - 0x00007ff7bb800000 	C:\Program Files\Java\jdk-17.0.1\bin\java.exe
0x00007fff715b0000 - 0x00007fff717a5000 	C:\Windows\SYSTEM32\ntdll.dll
0x00007fff711a0000 - 0x00007fff7125e000 	C:\Windows\System32\KERNEL32.DLL
0x00007fff6f050000 - 0x00007fff6f318000 	C:\Windows\System32\KERNELBASE.dll
0x00007fff6f320000 - 0x00007fff6f420000 	C:\Windows\System32\ucrtbase.dll
0x00007fff688f0000 - 0x00007fff68908000 	C:\Program Files\Java\jdk-17.0.1\bin\jli.dll
0x00007fff64f60000 - 0x00007fff64f7a000 	C:\Program Files\Java\jdk-17.0.1\bin\VCRUNTIME140.dll
0x00007fff710f0000 - 0x00007fff7119c000 	C:\Windows\System32\ADVAPI32.dll
0x00007fff6f700000 - 0x00007fff6f79e000 	C:\Windows\System32\msvcrt.dll
0x00007fff70b90000 - 0x00007fff70c2b000 	C:\Windows\System32\sechost.dll
0x00007fff70fc0000 - 0x00007fff710ea000 	C:\Windows\System32\RPCRT4.dll
0x00007fff70e10000 - 0x00007fff70fb1000 	C:\Windows\System32\USER32.dll
0x00007fff65cb0000 - 0x00007fff65f4a000 	C:\Windows\WinSxS\amd64_microsoft.windows.common-controls_6595b64144ccf1df_6.0.19041.1110_none_60b5254171f9507e\COMCTL32.dll
0x00007fff6f530000 - 0x00007fff6f552000 	C:\Windows\System32\win32u.dll
0x00007fff70a20000 - 0x00007fff70a4b000 	C:\Windows\System32\GDI32.dll
0x00007fff6f420000 - 0x00007fff6f52d000 	C:\Windows\System32\gdi32full.dll
0x00007fff6ef30000 - 0x00007fff6efcd000 	C:\Windows\System32\msvcp_win.dll
0x00007fff6d560000 - 0x00007fff6d56a000 	C:\Windows\SYSTEM32\VERSION.dll
0x00007fff70500000 - 0x00007fff70530000 	C:\Windows\System32\IMM32.DLL
0x00007fff6d570000 - 0x00007fff6d5a6000 	C:\Windows\system32\DriverStore\FileRepository\nvam.inf_amd64_1aae4f19e68d0780\nvinitx.dll
0x00007fff6fdb0000 - 0x00007fff704f4000 	C:\Windows\System32\Shell32.dll
0x00007fff6cd60000 - 0x00007fff6d4f4000 	C:\Windows\SYSTEM32\windows.storage.dll
0x00007fff6f870000 - 0x00007fff6fbc5000 	C:\Windows\System32\combase.dll
0x00007fff6e710000 - 0x00007fff6e73e000 	C:\Windows\SYSTEM32\Wldp.dll
0x00007fff6fd00000 - 0x00007fff6fdad000 	C:\Windows\System32\SHCORE.dll
0x00007fff6fbe0000 - 0x00007fff6fc35000 	C:\Windows\System32\shlwapi.dll
0x0000000071cb0000 - 0x0000000071cb6000 	C:\Program Files\NVIDIA Corporation\CoProcManager\_etoured.dll
0x00007fff66070000 - 0x00007fff660b3000 	C:\Program Files\NVIDIA Corporation\CoProcManager\nvd3d9wrapx.dll
0x00007fff705a0000 - 0x00007fff70a12000 	C:\Windows\System32\SETUPAPI.dll
0x00007fff6f000000 - 0x00007fff6f04e000 	C:\Windows\System32\cfgmgr32.dll
0x00007fff6efd0000 - 0x00007fff6eff7000 	C:\Windows\System32\bcrypt.dll
0x00007fff666c0000 - 0x00007fff666ed000 	C:\Program Files\NVIDIA Corporation\CoProcManager\nvdxgiwrapx.dll
0x00007fff68830000 - 0x00007fff6883c000 	C:\Program Files\Java\jdk-17.0.1\bin\vcruntime140_1.dll
0x00007fff505a0000 - 0x00007fff5062d000 	C:\Program Files\Java\jdk-17.0.1\bin\msvcp140.dll
0x00007fff22f30000 - 0x00007fff23aee000 	C:\Program Files\Java\jdk-17.0.1\bin\server\jvm.dll
0x00007fff6fbd0000 - 0x00007fff6fbd8000 	C:\Windows\System32\PSAPI.DLL
0x00007fff66490000 - 0x00007fff664b7000 	C:\Windows\SYSTEM32\WINMM.dll
0x00007fff59790000 - 0x00007fff59799000 	C:\Windows\SYSTEM32\WSOCK32.dll
0x00007fff70530000 - 0x00007fff7059b000 	C:\Windows\System32\WS2_32.dll
0x00007fff6cb60000 - 0x00007fff6cb72000 	C:\Windows\SYSTEM32\kernel.appcore.dll
0x00007fff67c30000 - 0x00007fff67c3a000 	C:\Program Files\Java\jdk-17.0.1\bin\jimage.dll
0x00007fff66f90000 - 0x00007fff67174000 	C:\Windows\SYSTEM32\DBGHELP.DLL
0x00007fff66dc0000 - 0x00007fff66dec000 	C:\Windows\SYSTEM32\dbgcore.DLL
0x00007fff6f560000 - 0x00007fff6f5e2000 	C:\Windows\System32\bcryptPrimitives.dll
0x00007fff5b9d0000 - 0x00007fff5b9de000 	C:\Program Files\Java\jdk-17.0.1\bin\instrument.dll
0x00007fff5d820000 - 0x00007fff5d845000 	C:\Program Files\Java\jdk-17.0.1\bin\java.dll
0x00007fff504c0000 - 0x00007fff50596000 	C:\Program Files\Java\jdk-17.0.1\bin\svml.dll
0x00007fff6ec00000 - 0x00007fff6ec1f000 	C:\Windows\SYSTEM32\profapi.dll

dbghelp: loaded successfully - version: 4.0.5 - missing functions: none
symbol engine: initialized successfully - sym options: 0x614 - pdb path: .;C:\Program Files\Java\jdk-17.0.1\bin;C:\Windows\SYSTEM32;C:\Windows\WinSxS\amd64_microsoft.windows.common-controls_6595b64144ccf1df_6.0.19041.1110_none_60b5254171f9507e;C:\Windows\system32\DriverStore\FileRepository\nvam.inf_amd64_1aae4f19e68d0780;C:\Program Files\NVIDIA Corporation\CoProcManager;C:\Program Files\Java\jdk-17.0.1\bin\server

VM Arguments:
jvm_args: -javaagent:C:\\Users\\ASUS\\.m2\\repository\\org\\jacoco\\org.jacoco.agent\\0.8.5\\org.jacoco.agent-0.8.5-runtime.jar=destfile=C:\\Users\\ASUS\\Desktop\\parksystem\\target\\jacoco-output\\jacoco-unit-tests.exec 
java_command: C:\Users\ASUS\AppData\Local\Temp\surefire8048976444444430495\surefirebooter12747821904807758042.jar C:\Users\ASUS\AppData\Local\Temp\surefire8048976444444430495 2021-12-28T11-12-36_001-jvmRun1 surefire13555886755769329722tmp surefire_06314912688355458194tmp
java_class_path (initial): C:\Users\ASUS\AppData\Local\Temp\surefire8048976444444430495\surefirebooter12747821904807758042.jar
Launcher Type: SUN_STANDARD

[Global flags]
     intx CICompilerCount                          = 4                                         {product} {ergonomic}
     uint ConcGCThreads                            = 2                                         {product} {ergonomic}
     uint G1ConcRefinementThreads                  = 8                                         {product} {ergonomic}
   size_t G1HeapRegionSize                         = 1048576                                   {product} {ergonomic}
    uintx GCDrainStackTargetSize                   = 64                                        {product} {ergonomic}
   size_t InitialHeapSize                          = 67108864                                  {product} {ergonomic}
   size_t MarkStackSize                            = 4194304                                   {product} {ergonomic}
   size_t MaxHeapSize                              = 1050673152                                {product} {ergonomic}
   size_t MaxNewSize                               = 630194176                                 {product} {ergonomic}
   size_t MinHeapDeltaBytes                        = 1048576                                   {product} {ergonomic}
   size_t MinHeapSize                              = 8388608                                   {product} {ergonomic}
    uintx NonNMethodCodeHeapSize                   = 5839372                                {pd product} {ergonomic}
    uintx NonProfiledCodeHeapSize                  = 122909434                              {pd product} {ergonomic}
    uintx ProfiledCodeHeapSize                     = 122909434                              {pd product} {ergonomic}
    uintx ReservedCodeCacheSize                    = 251658240                              {pd product} {ergonomic}
     bool SegmentedCodeCache                       = true                                      {product} {ergonomic}
   size_t SoftMaxHeapSize                          = 1050673152                             {manageable} {ergonomic}
     bool UseCompressedClassPointers               = true                           {product lp64_product} {ergonomic}
     bool UseCompressedOops                        = true                           {product lp64_product} {ergonomic}
     bool UseG1GC                                  = true                                      {product} {ergonomic}
     bool UseLargePagesIndividualAllocation        = false                                  {pd product} {ergonomic}

Logging:
Log output configuration:
 #0: stdout all=warning uptime,level,tags
 #1: stderr all=off uptime,level,tags

Environment Variables:
JAVA_HOME=C:\Program Files\Java\jdk-17.0.1
PATH=C:\Program Files\Common Files\Oracle\Java\javapath;C:\Program Files (x86)\Common Files\Oracle\Java\javapath;C:\Program Files\AdoptOpenJDK\jdk-16.0.1.9-hotspot\bin;C:\Windows\system32;C:\Windows;C:\Windows\System32\Wbem;C:\Windows\System32\WindowsPowerShell\v1.0\;C:\Windows\System32\OpenSSH\;C:\Program Files\Git\cmd;C:\Program Files\Java\jdk-17.0.1\bin;C:\Users\ASUS\Desktop\MAVEN\apache-maven-3.8.3-bin\apache-maven-3.8.3\bin;C:\Program Files\MySQL\MySQL Shell 8.0\bin\;C:\Users\ASUS\AppData\Local\Microsoft\WindowsApps;C:\Program Files\JetBrains\IntelliJ IDEA Community Edition 2021.2.3\bin;;C:\Program Files (x86)\GnuWin32\bin;
USERNAME=ASUS
OS=Windows_NT
PROCESSOR_IDENTIFIER=Intel64 Family 6 Model 42 Stepping 7, GenuineIntel



---------------  S Y S T E M  ---------------

OS:
 Windows 10 , 64 bit Build 19041 (10.0.19041.1348)
OS uptime: 11 days 1:28 hours

CPU: total 8 (initial active 8) (4 cores per cpu, 2 threads per core) family 6 model 42 stepping 7 microcode 0x2f, cx8, cmov, fxsr, ht, mmx, sse, sse2, sse3, ssse3, sse4.1, sse4.2, popcnt, tsc, tscinvbit, avx, aes, clmul, vzeroupper, clflush

Memory: 4k page, system-wide physical 4006M (309M free)
TotalPageFile size 16294M (AvailPageFile size 1M)
current process WorkingSet (physical memory assigned to process): 26M, peak: 26M
current process commit charge ("private bytes"): 135M, peak: 139M

vm_info: Java HotSpot(TM) 64-Bit Server VM (17.0.1+12-LTS-39) for windows-amd64 JRE (17.0.1+12-LTS-39), built on Sep 27 2021 18:41:35 by "mach5one" with MS VC++ 16.8 (VS2019)

END.
